INFO - 2024-02-03 01:35:12 --> Session: Class initialized using 'CodeIgniter\Session\Handlers\FileHandler' driver.
CRITICAL - 2024-02-03 02:26:50 --> ParseError: syntax error, unexpected 'admin' (T_STRING), expecting ')'
in APPPATH\Views\admin\tabelPetugas.php on line 255.
 1 SYSTEMPATH\View\View.php(231): CodeIgniter\View\View->CodeIgniter\View\{closure}()
 2 SYSTEMPATH\Common.php(1178): CodeIgniter\View\View->render('admin/tabelPetugas', [], true)
 3 APPPATH\Controllers\Admin.php(50): view('admin/tabelPetugas', [...])
 4 SYSTEMPATH\CodeIgniter.php(941): App\Controllers\Admin->petugas()
 5 SYSTEMPATH\CodeIgniter.php(502): CodeIgniter\CodeIgniter->runController(Object(App\Controllers\Admin))
 6 SYSTEMPATH\CodeIgniter.php(361): CodeIgniter\CodeIgniter->handleRequest(null, Object(Config\Cache), false)
 7 FCPATH\index.php(79): CodeIgniter\CodeIgniter->run()
CRITICAL - 2024-02-03 02:27:22 --> ParseError: syntax error, unexpected 'admin' (T_STRING), expecting ')'
in APPPATH\Views\admin\tabelPetugas.php on line 255.
 1 SYSTEMPATH\View\View.php(231): CodeIgniter\View\View->CodeIgniter\View\{closure}()
 2 SYSTEMPATH\Common.php(1178): CodeIgniter\View\View->render('admin/tabelPetugas', [], true)
 3 APPPATH\Controllers\Admin.php(50): view('admin/tabelPetugas', [...])
 4 SYSTEMPATH\CodeIgniter.php(941): App\Controllers\Admin->petugas()
 5 SYSTEMPATH\CodeIgniter.php(502): CodeIgniter\CodeIgniter->runController(Object(App\Controllers\Admin))
 6 SYSTEMPATH\CodeIgniter.php(361): CodeIgniter\CodeIgniter->handleRequest(null, Object(Config\Cache), false)
 7 FCPATH\index.php(79): CodeIgniter\CodeIgniter->run()
CRITICAL - 2024-02-03 02:27:33 --> ParseError: syntax error, unexpected 'admin' (T_STRING), expecting ')'
in APPPATH\Views\admin\tabelPetugas.php on line 255.
 1 SYSTEMPATH\View\View.php(231): CodeIgniter\View\View->CodeIgniter\View\{closure}()
 2 SYSTEMPATH\Common.php(1178): CodeIgniter\View\View->render('admin/tabelPetugas', [], true)
 3 APPPATH\Controllers\Admin.php(50): view('admin/tabelPetugas', [...])
 4 SYSTEMPATH\CodeIgniter.php(941): App\Controllers\Admin->petugas()
 5 SYSTEMPATH\CodeIgniter.php(502): CodeIgniter\CodeIgniter->runController(Object(App\Controllers\Admin))
 6 SYSTEMPATH\CodeIgniter.php(361): CodeIgniter\CodeIgniter->handleRequest(null, Object(Config\Cache), false)
 7 FCPATH\index.php(79): CodeIgniter\CodeIgniter->run()
CRITICAL - 2024-02-03 02:28:17 --> ParseError: syntax error, unexpected 'admin' (T_STRING), expecting ')'
in APPPATH\Views\admin\tabelPetugas.php on line 255.
 1 SYSTEMPATH\View\View.php(231): CodeIgniter\View\View->CodeIgniter\View\{closure}()
 2 SYSTEMPATH\Common.php(1178): CodeIgniter\View\View->render('admin/tabelPetugas', [], true)
 3 APPPATH\Controllers\Admin.php(50): view('admin/tabelPetugas', [...])
 4 SYSTEMPATH\CodeIgniter.php(941): App\Controllers\Admin->petugas()
 5 SYSTEMPATH\CodeIgniter.php(502): CodeIgniter\CodeIgniter->runController(Object(App\Controllers\Admin))
 6 SYSTEMPATH\CodeIgniter.php(361): CodeIgniter\CodeIgniter->handleRequest(null, Object(Config\Cache), false)
 7 FCPATH\index.php(79): CodeIgniter\CodeIgniter->run()
CRITICAL - 2024-02-03 03:09:51 --> ErrorException: Undefined variable: kategori
in APPPATH\Views\admin\tabelKategoriBuku.php on line 79.
 1 APPPATH\Views\admin\tabelKategoriBuku.php(79): CodeIgniter\Debug\Exceptions->errorHandler(8, 'Undefined variable: kategori', 'D:\\xampp\\htdocs\\ujian-kompetensi\\perpuskuy\\app\\Views\\admin\\tabelKategoriBuku.php', 79, [])
 2 SYSTEMPATH\View\View.php(228): include('D:\\xampp\\htdocs\\ujian-kompetensi\\perpuskuy\\app\\Views\\admin\\tabelKategoriBuku.php')
 3 SYSTEMPATH\View\View.php(231): CodeIgniter\View\View->CodeIgniter\View\{closure}()
 4 SYSTEMPATH\Common.php(1178): CodeIgniter\View\View->render('admin/tabelKategoriBuku', [], true)
 5 APPPATH\Controllers\Admin.php(114): view('admin/tabelKategoriBuku')
 6 SYSTEMPATH\CodeIgniter.php(941): App\Controllers\Admin->kategoriBuku()
 7 SYSTEMPATH\CodeIgniter.php(502): CodeIgniter\CodeIgniter->runController(Object(App\Controllers\Admin))
 8 SYSTEMPATH\CodeIgniter.php(361): CodeIgniter\CodeIgniter->handleRequest(null, Object(Config\Cache), false)
 9 FCPATH\index.php(79): CodeIgniter\CodeIgniter->run()
CRITICAL - 2024-02-03 03:14:49 --> ErrorException: Undefined variable: kategori
in APPPATH\Views\admin\tabelKategoriBuku.php on line 79.
 1 APPPATH\Views\admin\tabelKategoriBuku.php(79): CodeIgniter\Debug\Exceptions->errorHandler(8, 'Undefined variable: kategori', 'D:\\xampp\\htdocs\\ujian-kompetensi\\perpuskuy\\app\\Views\\admin\\tabelKategoriBuku.php', 79, [])
 2 SYSTEMPATH\View\View.php(228): include('D:\\xampp\\htdocs\\ujian-kompetensi\\perpuskuy\\app\\Views\\admin\\tabelKategoriBuku.php')
 3 SYSTEMPATH\View\View.php(231): CodeIgniter\View\View->CodeIgniter\View\{closure}()
 4 SYSTEMPATH\Common.php(1178): CodeIgniter\View\View->render('admin/tabelKategoriBuku', [], true)
 5 APPPATH\Controllers\Admin.php(114): view('admin/tabelKategoriBuku')
 6 SYSTEMPATH\CodeIgniter.php(941): App\Controllers\Admin->kategoriBuku()
 7 SYSTEMPATH\CodeIgniter.php(502): CodeIgniter\CodeIgniter->runController(Object(App\Controllers\Admin))
 8 SYSTEMPATH\CodeIgniter.php(361): CodeIgniter\CodeIgniter->handleRequest(null, Object(Config\Cache), false)
 9 FCPATH\index.php(79): CodeIgniter\CodeIgniter->run()
ERROR - 2024-02-03 03:18:33 --> mysqli_sql_exception: Column 'KategoriID' cannot be null in D:\xampp\htdocs\ujian-kompetensi\perpuskuy\system\Database\MySQLi\Connection.php:306
Stack trace:
#0 D:\xampp\htdocs\ujian-kompetensi\perpuskuy\system\Database\MySQLi\Connection.php(306): mysqli->query('INSERT INTO `ka...', 0)
#1 D:\xampp\htdocs\ujian-kompetensi\perpuskuy\system\Database\BaseConnection.php(693): CodeIgniter\Database\MySQLi\Connection->execute('INSERT INTO `ka...')
#2 D:\xampp\htdocs\ujian-kompetensi\perpuskuy\system\Database\BaseConnection.php(607): CodeIgniter\Database\BaseConnection->simpleQuery('INSERT INTO `ka...')
#3 D:\xampp\htdocs\ujian-kompetensi\perpuskuy\system\Database\BaseBuilder.php(2302): CodeIgniter\Database\BaseConnection->query('INSERT INTO `ka...', Array, false)
#4 D:\xampp\htdocs\ujian-kompetensi\perpuskuy\system\Model.php(326): CodeIgniter\Database\BaseBuilder->insert()
#5 D:\xampp\htdocs\ujian-kompetensi\perpuskuy\system\BaseModel.php(802): CodeIgniter\Model->doInsert(Array)
#6 D:\xampp\htdocs\ujian-kompetensi\perpuskuy\system\Model.php(744): CodeIgniter\BaseModel->insert(Array, true)
#7 D:\xampp\htdocs\ujian-kompetensi\perpuskuy\app\Models\ModelKategori.php(16): CodeIgniter\Model->insert(Array)
#8 D:\xampp\htdocs\ujian-kompetensi\perpuskuy\app\Controllers\Admin.php(132): App\Models\ModelKategori->saveKategori(Array)
#9 D:\xampp\htdocs\ujian-kompetensi\perpuskuy\system\CodeIgniter.php(941): App\Controllers\Admin->tambahKategori()
#10 D:\xampp\htdocs\ujian-kompetensi\perpuskuy\system\CodeIgniter.php(502): CodeIgniter\CodeIgniter->runController(Object(App\Controllers\Admin))
#11 D:\xampp\htdocs\ujian-kompetensi\perpuskuy\system\CodeIgniter.php(361): CodeIgniter\CodeIgniter->handleRequest(NULL, Object(Config\Cache), false)
#12 D:\xampp\htdocs\ujian-kompetensi\perpuskuy\public\index.php(79): CodeIgniter\CodeIgniter->run()
#13 {main}
CRITICAL - 2024-02-03 03:18:35 --> CodeIgniter\Database\Exceptions\DatabaseException: Column 'KategoriID' cannot be null
in SYSTEMPATH\Database\BaseConnection.php on line 647.
 1 SYSTEMPATH\Database\BaseBuilder.php(2302): CodeIgniter\Database\BaseConnection->query('INSERT INTO `kategoribuku` (`KategoriID`, `NamaKategori`) VALUES (:KategoriID:, :NamaKategori:)', [...], false)
 2 SYSTEMPATH\Model.php(326): CodeIgniter\Database\BaseBuilder->insert()
 3 SYSTEMPATH\BaseModel.php(802): CodeIgniter\Model->doInsert([...])
 4 SYSTEMPATH\Model.php(744): CodeIgniter\BaseModel->insert([...], true)
 5 APPPATH\Models\ModelKategori.php(16): CodeIgniter\Model->insert([...])
 6 APPPATH\Controllers\Admin.php(132): App\Models\ModelKategori->saveKategori([...])
 7 SYSTEMPATH\CodeIgniter.php(941): App\Controllers\Admin->tambahKategori()
 8 SYSTEMPATH\CodeIgniter.php(502): CodeIgniter\CodeIgniter->runController(Object(App\Controllers\Admin))
 9 SYSTEMPATH\CodeIgniter.php(361): CodeIgniter\CodeIgniter->handleRequest(null, Object(Config\Cache), false)
10 FCPATH\index.php(79): CodeIgniter\CodeIgniter->run()
CRITICAL - 2024-02-03 03:18:35 --> [Caused by] CodeIgniter\Database\Exceptions\DatabaseException: Column 'KategoriID' cannot be null
in SYSTEMPATH\Database\MySQLi\Connection.php on line 311.
 1 SYSTEMPATH\Database\BaseConnection.php(693): CodeIgniter\Database\MySQLi\Connection->execute('INSERT INTO `kategoribuku` (`KategoriID`, `NamaKategori`) VALUES (NULL, \'Horror\')')
 2 SYSTEMPATH\Database\BaseConnection.php(607): CodeIgniter\Database\BaseConnection->simpleQuery('INSERT INTO `kategoribuku` (`KategoriID`, `NamaKategori`) VALUES (NULL, \'Horror\')')
 3 SYSTEMPATH\Database\BaseBuilder.php(2302): CodeIgniter\Database\BaseConnection->query('INSERT INTO `kategoribuku` (`KategoriID`, `NamaKategori`) VALUES (:KategoriID:, :NamaKategori:)', [...], false)
 4 SYSTEMPATH\Model.php(326): CodeIgniter\Database\BaseBuilder->insert()
 5 SYSTEMPATH\BaseModel.php(802): CodeIgniter\Model->doInsert([...])
 6 SYSTEMPATH\Model.php(744): CodeIgniter\BaseModel->insert([...], true)
 7 APPPATH\Models\ModelKategori.php(16): CodeIgniter\Model->insert([...])
 8 APPPATH\Controllers\Admin.php(132): App\Models\ModelKategori->saveKategori([...])
 9 SYSTEMPATH\CodeIgniter.php(941): App\Controllers\Admin->tambahKategori()
10 SYSTEMPATH\CodeIgniter.php(502): CodeIgniter\CodeIgniter->runController(Object(App\Controllers\Admin))
11 SYSTEMPATH\CodeIgniter.php(361): CodeIgniter\CodeIgniter->handleRequest(null, Object(Config\Cache), false)
12 FCPATH\index.php(79): CodeIgniter\CodeIgniter->run()
CRITICAL - 2024-02-03 03:18:35 --> [Caused by] mysqli_sql_exception: Column 'KategoriID' cannot be null
in SYSTEMPATH\Database\MySQLi\Connection.php on line 306.
 1 SYSTEMPATH\Database\MySQLi\Connection.php(306): mysqli->query('INSERT INTO `kategoribuku` (`KategoriID`, `NamaKategori`) VALUES (NULL, \'Horror\')', 0)
 2 SYSTEMPATH\Database\BaseConnection.php(693): CodeIgniter\Database\MySQLi\Connection->execute('INSERT INTO `kategoribuku` (`KategoriID`, `NamaKategori`) VALUES (NULL, \'Horror\')')
 3 SYSTEMPATH\Database\BaseConnection.php(607): CodeIgniter\Database\BaseConnection->simpleQuery('INSERT INTO `kategoribuku` (`KategoriID`, `NamaKategori`) VALUES (NULL, \'Horror\')')
 4 SYSTEMPATH\Database\BaseBuilder.php(2302): CodeIgniter\Database\BaseConnection->query('INSERT INTO `kategoribuku` (`KategoriID`, `NamaKategori`) VALUES (:KategoriID:, :NamaKategori:)', [...], false)
 5 SYSTEMPATH\Model.php(326): CodeIgniter\Database\BaseBuilder->insert()
 6 SYSTEMPATH\BaseModel.php(802): CodeIgniter\Model->doInsert([...])
 7 SYSTEMPATH\Model.php(744): CodeIgniter\BaseModel->insert([...], true)
 8 APPPATH\Models\ModelKategori.php(16): CodeIgniter\Model->insert([...])
 9 APPPATH\Controllers\Admin.php(132): App\Models\ModelKategori->saveKategori([...])
10 SYSTEMPATH\CodeIgniter.php(941): App\Controllers\Admin->tambahKategori()
11 SYSTEMPATH\CodeIgniter.php(502): CodeIgniter\CodeIgniter->runController(Object(App\Controllers\Admin))
12 SYSTEMPATH\CodeIgniter.php(361): CodeIgniter\CodeIgniter->handleRequest(null, Object(Config\Cache), false)
13 FCPATH\index.php(79): CodeIgniter\CodeIgniter->run()
ERROR - 2024-02-03 06:27:28 --> mysqli_sql_exception: Column 'KategoriID' cannot be null in D:\xampp\htdocs\ujian-kompetensi\perpuskuy\system\Database\MySQLi\Connection.php:306
Stack trace:
#0 D:\xampp\htdocs\ujian-kompetensi\perpuskuy\system\Database\MySQLi\Connection.php(306): mysqli->query('INSERT INTO `ka...', 0)
#1 D:\xampp\htdocs\ujian-kompetensi\perpuskuy\system\Database\BaseConnection.php(693): CodeIgniter\Database\MySQLi\Connection->execute('INSERT INTO `ka...')
#2 D:\xampp\htdocs\ujian-kompetensi\perpuskuy\system\Database\BaseConnection.php(607): CodeIgniter\Database\BaseConnection->simpleQuery('INSERT INTO `ka...')
#3 D:\xampp\htdocs\ujian-kompetensi\perpuskuy\system\Database\BaseBuilder.php(2302): CodeIgniter\Database\BaseConnection->query('INSERT INTO `ka...', Array, false)
#4 D:\xampp\htdocs\ujian-kompetensi\perpuskuy\system\Model.php(326): CodeIgniter\Database\BaseBuilder->insert()
#5 D:\xampp\htdocs\ujian-kompetensi\perpuskuy\system\BaseModel.php(802): CodeIgniter\Model->doInsert(Array)
#6 D:\xampp\htdocs\ujian-kompetensi\perpuskuy\system\Model.php(744): CodeIgniter\BaseModel->insert(Array, true)
#7 D:\xampp\htdocs\ujian-kompetensi\perpuskuy\app\Models\ModelKategori.php(16): CodeIgniter\Model->insert(Array)
#8 D:\xampp\htdocs\ujian-kompetensi\perpuskuy\app\Controllers\Admin.php(132): App\Models\ModelKategori->saveKategori(Array)
#9 D:\xampp\htdocs\ujian-kompetensi\perpuskuy\system\CodeIgniter.php(941): App\Controllers\Admin->tambahKategori()
#10 D:\xampp\htdocs\ujian-kompetensi\perpuskuy\system\CodeIgniter.php(502): CodeIgniter\CodeIgniter->runController(Object(App\Controllers\Admin))
#11 D:\xampp\htdocs\ujian-kompetensi\perpuskuy\system\CodeIgniter.php(361): CodeIgniter\CodeIgniter->handleRequest(NULL, Object(Config\Cache), false)
#12 D:\xampp\htdocs\ujian-kompetensi\perpuskuy\public\index.php(79): CodeIgniter\CodeIgniter->run()
#13 {main}
ERROR - 2024-02-03 06:27:28 --> mysqli_sql_exception: Column 'KategoriID' cannot be null in D:\xampp\htdocs\ujian-kompetensi\perpuskuy\system\Database\MySQLi\Connection.php:306
Stack trace:
#0 D:\xampp\htdocs\ujian-kompetensi\perpuskuy\system\Database\MySQLi\Connection.php(306): mysqli->query('INSERT INTO `ka...', 0)
#1 D:\xampp\htdocs\ujian-kompetensi\perpuskuy\system\Database\BaseConnection.php(693): CodeIgniter\Database\MySQLi\Connection->execute('INSERT INTO `ka...')
#2 D:\xampp\htdocs\ujian-kompetensi\perpuskuy\system\Database\BaseConnection.php(607): CodeIgniter\Database\BaseConnection->simpleQuery('INSERT INTO `ka...')
#3 D:\xampp\htdocs\ujian-kompetensi\perpuskuy\system\Database\BaseBuilder.php(2302): CodeIgniter\Database\BaseConnection->query('INSERT INTO `ka...', Array, false)
#4 D:\xampp\htdocs\ujian-kompetensi\perpuskuy\system\Model.php(326): CodeIgniter\Database\BaseBuilder->insert()
#5 D:\xampp\htdocs\ujian-kompetensi\perpuskuy\system\BaseModel.php(802): CodeIgniter\Model->doInsert(Array)
#6 D:\xampp\htdocs\ujian-kompetensi\perpuskuy\system\Model.php(744): CodeIgniter\BaseModel->insert(Array, true)
#7 D:\xampp\htdocs\ujian-kompetensi\perpuskuy\app\Models\ModelKategori.php(16): CodeIgniter\Model->insert(Array)
#8 D:\xampp\htdocs\ujian-kompetensi\perpuskuy\app\Controllers\Admin.php(132): App\Models\ModelKategori->saveKategori(Array)
#9 D:\xampp\htdocs\ujian-kompetensi\perpuskuy\system\CodeIgniter.php(941): App\Controllers\Admin->tambahKategori()
#10 D:\xampp\htdocs\ujian-kompetensi\perpuskuy\system\CodeIgniter.php(502): CodeIgniter\CodeIgniter->runController(Object(App\Controllers\Admin))
#11 D:\xampp\htdocs\ujian-kompetensi\perpuskuy\system\CodeIgniter.php(361): CodeIgniter\CodeIgniter->handleRequest(NULL, Object(Config\Cache), false)
#12 D:\xampp\htdocs\ujian-kompetensi\perpuskuy\public\index.php(79): CodeIgniter\CodeIgniter->run()
#13 {main}
CRITICAL - 2024-02-03 06:27:28 --> CodeIgniter\Database\Exceptions\DatabaseException: Column 'KategoriID' cannot be null
in SYSTEMPATH\Database\BaseConnection.php on line 647.
 1 SYSTEMPATH\Database\BaseBuilder.php(2302): CodeIgniter\Database\BaseConnection->query('INSERT INTO `kategoribuku` (`KategoriID`, `NamaKategori`) VALUES (:KategoriID:, :NamaKategori:)', [...], false)
 2 SYSTEMPATH\Model.php(326): CodeIgniter\Database\BaseBuilder->insert()
 3 SYSTEMPATH\BaseModel.php(802): CodeIgniter\Model->doInsert([...])
 4 SYSTEMPATH\Model.php(744): CodeIgniter\BaseModel->insert([...], true)
 5 APPPATH\Models\ModelKategori.php(16): CodeIgniter\Model->insert([...])
 6 APPPATH\Controllers\Admin.php(132): App\Models\ModelKategori->saveKategori([...])
 7 SYSTEMPATH\CodeIgniter.php(941): App\Controllers\Admin->tambahKategori()
 8 SYSTEMPATH\CodeIgniter.php(502): CodeIgniter\CodeIgniter->runController(Object(App\Controllers\Admin))
 9 SYSTEMPATH\CodeIgniter.php(361): CodeIgniter\CodeIgniter->handleRequest(null, Object(Config\Cache), false)
10 FCPATH\index.php(79): CodeIgniter\CodeIgniter->run()
CRITICAL - 2024-02-03 06:27:28 --> CodeIgniter\Database\Exceptions\DatabaseException: Column 'KategoriID' cannot be null
in SYSTEMPATH\Database\BaseConnection.php on line 647.
 1 SYSTEMPATH\Database\BaseBuilder.php(2302): CodeIgniter\Database\BaseConnection->query('INSERT INTO `kategoribuku` (`KategoriID`, `NamaKategori`) VALUES (:KategoriID:, :NamaKategori:)', [...], false)
 2 SYSTEMPATH\Model.php(326): CodeIgniter\Database\BaseBuilder->insert()
 3 SYSTEMPATH\BaseModel.php(802): CodeIgniter\Model->doInsert([...])
 4 SYSTEMPATH\Model.php(744): CodeIgniter\BaseModel->insert([...], true)
 5 APPPATH\Models\ModelKategori.php(16): CodeIgniter\Model->insert([...])
 6 APPPATH\Controllers\Admin.php(132): App\Models\ModelKategori->saveKategori([...])
 7 SYSTEMPATH\CodeIgniter.php(941): App\Controllers\Admin->tambahKategori()
 8 SYSTEMPATH\CodeIgniter.php(502): CodeIgniter\CodeIgniter->runController(Object(App\Controllers\Admin))
 9 SYSTEMPATH\CodeIgniter.php(361): CodeIgniter\CodeIgniter->handleRequest(null, Object(Config\Cache), false)
10 FCPATH\index.php(79): CodeIgniter\CodeIgniter->run()
CRITICAL - 2024-02-03 06:27:28 --> [Caused by] CodeIgniter\Database\Exceptions\DatabaseException: Column 'KategoriID' cannot be null
in SYSTEMPATH\Database\MySQLi\Connection.php on line 311.
 1 SYSTEMPATH\Database\BaseConnection.php(693): CodeIgniter\Database\MySQLi\Connection->execute('INSERT INTO `kategoribuku` (`KategoriID`, `NamaKategori`) VALUES (NULL, \'Horror\')')
 2 SYSTEMPATH\Database\BaseConnection.php(607): CodeIgniter\Database\BaseConnection->simpleQuery('INSERT INTO `kategoribuku` (`KategoriID`, `NamaKategori`) VALUES (NULL, \'Horror\')')
 3 SYSTEMPATH\Database\BaseBuilder.php(2302): CodeIgniter\Database\BaseConnection->query('INSERT INTO `kategoribuku` (`KategoriID`, `NamaKategori`) VALUES (:KategoriID:, :NamaKategori:)', [...], false)
 4 SYSTEMPATH\Model.php(326): CodeIgniter\Database\BaseBuilder->insert()
 5 SYSTEMPATH\BaseModel.php(802): CodeIgniter\Model->doInsert([...])
 6 SYSTEMPATH\Model.php(744): CodeIgniter\BaseModel->insert([...], true)
 7 APPPATH\Models\ModelKategori.php(16): CodeIgniter\Model->insert([...])
 8 APPPATH\Controllers\Admin.php(132): App\Models\ModelKategori->saveKategori([...])
 9 SYSTEMPATH\CodeIgniter.php(941): App\Controllers\Admin->tambahKategori()
10 SYSTEMPATH\CodeIgniter.php(502): CodeIgniter\CodeIgniter->runController(Object(App\Controllers\Admin))
11 SYSTEMPATH\CodeIgniter.php(361): CodeIgniter\CodeIgniter->handleRequest(null, Object(Config\Cache), false)
12 FCPATH\index.php(79): CodeIgniter\CodeIgniter->run()
CRITICAL - 2024-02-03 06:27:28 --> [Caused by] mysqli_sql_exception: Column 'KategoriID' cannot be null
in SYSTEMPATH\Database\MySQLi\Connection.php on line 306.
 1 SYSTEMPATH\Database\MySQLi\Connection.php(306): mysqli->query('INSERT INTO `kategoribuku` (`KategoriID`, `NamaKategori`) VALUES (NULL, \'Horror\')', 0)
 2 SYSTEMPATH\Database\BaseConnection.php(693): CodeIgniter\Database\MySQLi\Connection->execute('INSERT INTO `kategoribuku` (`KategoriID`, `NamaKategori`) VALUES (NULL, \'Horror\')')
 3 SYSTEMPATH\Database\BaseConnection.php(607): CodeIgniter\Database\BaseConnection->simpleQuery('INSERT INTO `kategoribuku` (`KategoriID`, `NamaKategori`) VALUES (NULL, \'Horror\')')
 4 SYSTEMPATH\Database\BaseBuilder.php(2302): CodeIgniter\Database\BaseConnection->query('INSERT INTO `kategoribuku` (`KategoriID`, `NamaKategori`) VALUES (:KategoriID:, :NamaKategori:)', [...], false)
 5 SYSTEMPATH\Model.php(326): CodeIgniter\Database\BaseBuilder->insert()
 6 SYSTEMPATH\BaseModel.php(802): CodeIgniter\Model->doInsert([...])
 7 SYSTEMPATH\Model.php(744): CodeIgniter\BaseModel->insert([...], true)
 8 APPPATH\Models\ModelKategori.php(16): CodeIgniter\Model->insert([...])
 9 APPPATH\Controllers\Admin.php(132): App\Models\ModelKategori->saveKategori([...])
10 SYSTEMPATH\CodeIgniter.php(941): App\Controllers\Admin->tambahKategori()
11 SYSTEMPATH\CodeIgniter.php(502): CodeIgniter\CodeIgniter->runController(Object(App\Controllers\Admin))
12 SYSTEMPATH\CodeIgniter.php(361): CodeIgniter\CodeIgniter->handleRequest(null, Object(Config\Cache), false)
13 FCPATH\index.php(79): CodeIgniter\CodeIgniter->run()
CRITICAL - 2024-02-03 06:27:29 --> [Caused by] CodeIgniter\Database\Exceptions\DatabaseException: Column 'KategoriID' cannot be null
in SYSTEMPATH\Database\MySQLi\Connection.php on line 311.
 1 SYSTEMPATH\Database\BaseConnection.php(693): CodeIgniter\Database\MySQLi\Connection->execute('INSERT INTO `kategoribuku` (`KategoriID`, `NamaKategori`) VALUES (NULL, \'Horror\')')
 2 SYSTEMPATH\Database\BaseConnection.php(607): CodeIgniter\Database\BaseConnection->simpleQuery('INSERT INTO `kategoribuku` (`KategoriID`, `NamaKategori`) VALUES (NULL, \'Horror\')')
 3 SYSTEMPATH\Database\BaseBuilder.php(2302): CodeIgniter\Database\BaseConnection->query('INSERT INTO `kategoribuku` (`KategoriID`, `NamaKategori`) VALUES (:KategoriID:, :NamaKategori:)', [...], false)
 4 SYSTEMPATH\Model.php(326): CodeIgniter\Database\BaseBuilder->insert()
 5 SYSTEMPATH\BaseModel.php(802): CodeIgniter\Model->doInsert([...])
 6 SYSTEMPATH\Model.php(744): CodeIgniter\BaseModel->insert([...], true)
 7 APPPATH\Models\ModelKategori.php(16): CodeIgniter\Model->insert([...])
 8 APPPATH\Controllers\Admin.php(132): App\Models\ModelKategori->saveKategori([...])
 9 SYSTEMPATH\CodeIgniter.php(941): App\Controllers\Admin->tambahKategori()
10 SYSTEMPATH\CodeIgniter.php(502): CodeIgniter\CodeIgniter->runController(Object(App\Controllers\Admin))
11 SYSTEMPATH\CodeIgniter.php(361): CodeIgniter\CodeIgniter->handleRequest(null, Object(Config\Cache), false)
12 FCPATH\index.php(79): CodeIgniter\CodeIgniter->run()
CRITICAL - 2024-02-03 06:27:29 --> [Caused by] mysqli_sql_exception: Column 'KategoriID' cannot be null
in SYSTEMPATH\Database\MySQLi\Connection.php on line 306.
 1 SYSTEMPATH\Database\MySQLi\Connection.php(306): mysqli->query('INSERT INTO `kategoribuku` (`KategoriID`, `NamaKategori`) VALUES (NULL, \'Horror\')', 0)
 2 SYSTEMPATH\Database\BaseConnection.php(693): CodeIgniter\Database\MySQLi\Connection->execute('INSERT INTO `kategoribuku` (`KategoriID`, `NamaKategori`) VALUES (NULL, \'Horror\')')
 3 SYSTEMPATH\Database\BaseConnection.php(607): CodeIgniter\Database\BaseConnection->simpleQuery('INSERT INTO `kategoribuku` (`KategoriID`, `NamaKategori`) VALUES (NULL, \'Horror\')')
 4 SYSTEMPATH\Database\BaseBuilder.php(2302): CodeIgniter\Database\BaseConnection->query('INSERT INTO `kategoribuku` (`KategoriID`, `NamaKategori`) VALUES (:KategoriID:, :NamaKategori:)', [...], false)
 5 SYSTEMPATH\Model.php(326): CodeIgniter\Database\BaseBuilder->insert()
 6 SYSTEMPATH\BaseModel.php(802): CodeIgniter\Model->doInsert([...])
 7 SYSTEMPATH\Model.php(744): CodeIgniter\BaseModel->insert([...], true)
 8 APPPATH\Models\ModelKategori.php(16): CodeIgniter\Model->insert([...])
 9 APPPATH\Controllers\Admin.php(132): App\Models\ModelKategori->saveKategori([...])
10 SYSTEMPATH\CodeIgniter.php(941): App\Controllers\Admin->tambahKategori()
11 SYSTEMPATH\CodeIgniter.php(502): CodeIgniter\CodeIgniter->runController(Object(App\Controllers\Admin))
12 SYSTEMPATH\CodeIgniter.php(361): CodeIgniter\CodeIgniter->handleRequest(null, Object(Config\Cache), false)
13 FCPATH\index.php(79): CodeIgniter\CodeIgniter->run()
ERROR - 2024-02-03 06:29:29 --> mysqli_sql_exception: Column 'KategoriID' cannot be null in D:\xampp\htdocs\ujian-kompetensi\perpuskuy\system\Database\MySQLi\Connection.php:306
Stack trace:
#0 D:\xampp\htdocs\ujian-kompetensi\perpuskuy\system\Database\MySQLi\Connection.php(306): mysqli->query('INSERT INTO `ka...', 0)
#1 D:\xampp\htdocs\ujian-kompetensi\perpuskuy\system\Database\BaseConnection.php(693): CodeIgniter\Database\MySQLi\Connection->execute('INSERT INTO `ka...')
#2 D:\xampp\htdocs\ujian-kompetensi\perpuskuy\system\Database\BaseConnection.php(607): CodeIgniter\Database\BaseConnection->simpleQuery('INSERT INTO `ka...')
#3 D:\xampp\htdocs\ujian-kompetensi\perpuskuy\system\Database\BaseBuilder.php(2302): CodeIgniter\Database\BaseConnection->query('INSERT INTO `ka...', Array, false)
#4 D:\xampp\htdocs\ujian-kompetensi\perpuskuy\system\Model.php(326): CodeIgniter\Database\BaseBuilder->insert()
#5 D:\xampp\htdocs\ujian-kompetensi\perpuskuy\system\BaseModel.php(802): CodeIgniter\Model->doInsert(Array)
#6 D:\xampp\htdocs\ujian-kompetensi\perpuskuy\system\Model.php(744): CodeIgniter\BaseModel->insert(Array, true)
#7 D:\xampp\htdocs\ujian-kompetensi\perpuskuy\app\Models\ModelKategori.php(16): CodeIgniter\Model->insert(Array)
#8 D:\xampp\htdocs\ujian-kompetensi\perpuskuy\app\Controllers\Admin.php(132): App\Models\ModelKategori->saveKategori(Array)
#9 D:\xampp\htdocs\ujian-kompetensi\perpuskuy\system\CodeIgniter.php(941): App\Controllers\Admin->tambahKategori()
#10 D:\xampp\htdocs\ujian-kompetensi\perpuskuy\system\CodeIgniter.php(502): CodeIgniter\CodeIgniter->runController(Object(App\Controllers\Admin))
#11 D:\xampp\htdocs\ujian-kompetensi\perpuskuy\system\CodeIgniter.php(361): CodeIgniter\CodeIgniter->handleRequest(NULL, Object(Config\Cache), false)
#12 D:\xampp\htdocs\ujian-kompetensi\perpuskuy\public\index.php(79): CodeIgniter\CodeIgniter->run()
#13 {main}
CRITICAL - 2024-02-03 06:29:29 --> CodeIgniter\Database\Exceptions\DatabaseException: Column 'KategoriID' cannot be null
in SYSTEMPATH\Database\BaseConnection.php on line 647.
 1 SYSTEMPATH\Database\BaseBuilder.php(2302): CodeIgniter\Database\BaseConnection->query('INSERT INTO `kategoribuku` (`KategoriID`, `NamaKategori`) VALUES (:KategoriID:, :NamaKategori:)', [...], false)
 2 SYSTEMPATH\Model.php(326): CodeIgniter\Database\BaseBuilder->insert()
 3 SYSTEMPATH\BaseModel.php(802): CodeIgniter\Model->doInsert([...])
 4 SYSTEMPATH\Model.php(744): CodeIgniter\BaseModel->insert([...], true)
 5 APPPATH\Models\ModelKategori.php(16): CodeIgniter\Model->insert([...])
 6 APPPATH\Controllers\Admin.php(132): App\Models\ModelKategori->saveKategori([...])
 7 SYSTEMPATH\CodeIgniter.php(941): App\Controllers\Admin->tambahKategori()
 8 SYSTEMPATH\CodeIgniter.php(502): CodeIgniter\CodeIgniter->runController(Object(App\Controllers\Admin))
 9 SYSTEMPATH\CodeIgniter.php(361): CodeIgniter\CodeIgniter->handleRequest(null, Object(Config\Cache), false)
10 FCPATH\index.php(79): CodeIgniter\CodeIgniter->run()
CRITICAL - 2024-02-03 06:29:29 --> [Caused by] CodeIgniter\Database\Exceptions\DatabaseException: Column 'KategoriID' cannot be null
in SYSTEMPATH\Database\MySQLi\Connection.php on line 311.
 1 SYSTEMPATH\Database\BaseConnection.php(693): CodeIgniter\Database\MySQLi\Connection->execute('INSERT INTO `kategoribuku` (`KategoriID`, `NamaKategori`) VALUES (NULL, \'Horror\')')
 2 SYSTEMPATH\Database\BaseConnection.php(607): CodeIgniter\Database\BaseConnection->simpleQuery('INSERT INTO `kategoribuku` (`KategoriID`, `NamaKategori`) VALUES (NULL, \'Horror\')')
 3 SYSTEMPATH\Database\BaseBuilder.php(2302): CodeIgniter\Database\BaseConnection->query('INSERT INTO `kategoribuku` (`KategoriID`, `NamaKategori`) VALUES (:KategoriID:, :NamaKategori:)', [...], false)
 4 SYSTEMPATH\Model.php(326): CodeIgniter\Database\BaseBuilder->insert()
 5 SYSTEMPATH\BaseModel.php(802): CodeIgniter\Model->doInsert([...])
 6 SYSTEMPATH\Model.php(744): CodeIgniter\BaseModel->insert([...], true)
 7 APPPATH\Models\ModelKategori.php(16): CodeIgniter\Model->insert([...])
 8 APPPATH\Controllers\Admin.php(132): App\Models\ModelKategori->saveKategori([...])
 9 SYSTEMPATH\CodeIgniter.php(941): App\Controllers\Admin->tambahKategori()
10 SYSTEMPATH\CodeIgniter.php(502): CodeIgniter\CodeIgniter->runController(Object(App\Controllers\Admin))
11 SYSTEMPATH\CodeIgniter.php(361): CodeIgniter\CodeIgniter->handleRequest(null, Object(Config\Cache), false)
12 FCPATH\index.php(79): CodeIgniter\CodeIgniter->run()
CRITICAL - 2024-02-03 06:29:29 --> [Caused by] mysqli_sql_exception: Column 'KategoriID' cannot be null
in SYSTEMPATH\Database\MySQLi\Connection.php on line 306.
 1 SYSTEMPATH\Database\MySQLi\Connection.php(306): mysqli->query('INSERT INTO `kategoribuku` (`KategoriID`, `NamaKategori`) VALUES (NULL, \'Horror\')', 0)
 2 SYSTEMPATH\Database\BaseConnection.php(693): CodeIgniter\Database\MySQLi\Connection->execute('INSERT INTO `kategoribuku` (`KategoriID`, `NamaKategori`) VALUES (NULL, \'Horror\')')
 3 SYSTEMPATH\Database\BaseConnection.php(607): CodeIgniter\Database\BaseConnection->simpleQuery('INSERT INTO `kategoribuku` (`KategoriID`, `NamaKategori`) VALUES (NULL, \'Horror\')')
 4 SYSTEMPATH\Database\BaseBuilder.php(2302): CodeIgniter\Database\BaseConnection->query('INSERT INTO `kategoribuku` (`KategoriID`, `NamaKategori`) VALUES (:KategoriID:, :NamaKategori:)', [...], false)
 5 SYSTEMPATH\Model.php(326): CodeIgniter\Database\BaseBuilder->insert()
 6 SYSTEMPATH\BaseModel.php(802): CodeIgniter\Model->doInsert([...])
 7 SYSTEMPATH\Model.php(744): CodeIgniter\BaseModel->insert([...], true)
 8 APPPATH\Models\ModelKategori.php(16): CodeIgniter\Model->insert([...])
 9 APPPATH\Controllers\Admin.php(132): App\Models\ModelKategori->saveKategori([...])
10 SYSTEMPATH\CodeIgniter.php(941): App\Controllers\Admin->tambahKategori()
11 SYSTEMPATH\CodeIgniter.php(502): CodeIgniter\CodeIgniter->runController(Object(App\Controllers\Admin))
12 SYSTEMPATH\CodeIgniter.php(361): CodeIgniter\CodeIgniter->handleRequest(null, Object(Config\Cache), false)
13 FCPATH\index.php(79): CodeIgniter\CodeIgniter->run()
