INFO - 2024-02-19 11:46:30 --> Session: Class initialized using 'CodeIgniter\Session\Handlers\FileHandler' driver.
INFO - 2024-02-19 11:48:17 --> Session: Class initialized using 'CodeIgniter\Session\Handlers\FileHandler' driver.
ERROR - 2024-02-19 11:49:44 --> mysqli_sql_exception: Column 'KategoriID' cannot be null in D:\xampp\htdocs\ujian-kompetensi\perpuskuy\system\Database\MySQLi\Connection.php:306
Stack trace:
#0 D:\xampp\htdocs\ujian-kompetensi\perpuskuy\system\Database\MySQLi\Connection.php(306): mysqli->query('INSERT INTO `ka...', 0)
#1 D:\xampp\htdocs\ujian-kompetensi\perpuskuy\system\Database\BaseConnection.php(693): CodeIgniter\Database\MySQLi\Connection->execute('INSERT INTO `ka...')
#2 D:\xampp\htdocs\ujian-kompetensi\perpuskuy\system\Database\BaseConnection.php(607): CodeIgniter\Database\BaseConnection->simpleQuery('INSERT INTO `ka...')
#3 D:\xampp\htdocs\ujian-kompetensi\perpuskuy\system\Database\BaseBuilder.php(2302): CodeIgniter\Database\BaseConnection->query('INSERT INTO `ka...', Array, false)
#4 D:\xampp\htdocs\ujian-kompetensi\perpuskuy\system\Model.php(326): CodeIgniter\Database\BaseBuilder->insert()
#5 D:\xampp\htdocs\ujian-kompetensi\perpuskuy\system\BaseModel.php(802): CodeIgniter\Model->doInsert(Array)
#6 D:\xampp\htdocs\ujian-kompetensi\perpuskuy\system\Model.php(744): CodeIgniter\BaseModel->insert(Array, true)
#7 D:\xampp\htdocs\ujian-kompetensi\perpuskuy\app\Models\ModelKategori.php(16): CodeIgniter\Model->insert(Array)
#8 D:\xampp\htdocs\ujian-kompetensi\perpuskuy\app\Controllers\Admin.php(134): App\Models\ModelKategori->saveKategori(Array)
#9 D:\xampp\htdocs\ujian-kompetensi\perpuskuy\system\CodeIgniter.php(941): App\Controllers\Admin->tambahKategori()
#10 D:\xampp\htdocs\ujian-kompetensi\perpuskuy\system\CodeIgniter.php(502): CodeIgniter\CodeIgniter->runController(Object(App\Controllers\Admin))
#11 D:\xampp\htdocs\ujian-kompetensi\perpuskuy\system\CodeIgniter.php(361): CodeIgniter\CodeIgniter->handleRequest(NULL, Object(Config\Cache), false)
#12 D:\xampp\htdocs\ujian-kompetensi\perpuskuy\public\index.php(79): CodeIgniter\CodeIgniter->run()
#13 {main}
CRITICAL - 2024-02-19 11:49:45 --> CodeIgniter\Database\Exceptions\DatabaseException: Column 'KategoriID' cannot be null
in SYSTEMPATH\Database\BaseConnection.php on line 647.
 1 SYSTEMPATH\Database\BaseBuilder.php(2302): CodeIgniter\Database\BaseConnection->query('INSERT INTO `kategoribuku` (`KategoriID`, `NamaKategori`) VALUES (:KategoriID:, :NamaKategori:)', [...], false)
 2 SYSTEMPATH\Model.php(326): CodeIgniter\Database\BaseBuilder->insert()
 3 SYSTEMPATH\BaseModel.php(802): CodeIgniter\Model->doInsert([...])
 4 SYSTEMPATH\Model.php(744): CodeIgniter\BaseModel->insert([...], true)
 5 APPPATH\Models\ModelKategori.php(16): CodeIgniter\Model->insert([...])
 6 APPPATH\Controllers\Admin.php(134): App\Models\ModelKategori->saveKategori([...])
 7 SYSTEMPATH\CodeIgniter.php(941): App\Controllers\Admin->tambahKategori()
 8 SYSTEMPATH\CodeIgniter.php(502): CodeIgniter\CodeIgniter->runController(Object(App\Controllers\Admin))
 9 SYSTEMPATH\CodeIgniter.php(361): CodeIgniter\CodeIgniter->handleRequest(null, Object(Config\Cache), false)
10 FCPATH\index.php(79): CodeIgniter\CodeIgniter->run()
CRITICAL - 2024-02-19 11:49:45 --> [Caused by] CodeIgniter\Database\Exceptions\DatabaseException: Column 'KategoriID' cannot be null
in SYSTEMPATH\Database\MySQLi\Connection.php on line 311.
 1 SYSTEMPATH\Database\BaseConnection.php(693): CodeIgniter\Database\MySQLi\Connection->execute('INSERT INTO `kategoribuku` (`KategoriID`, `NamaKategori`) VALUES (NULL, \'Action\')')
 2 SYSTEMPATH\Database\BaseConnection.php(607): CodeIgniter\Database\BaseConnection->simpleQuery('INSERT INTO `kategoribuku` (`KategoriID`, `NamaKategori`) VALUES (NULL, \'Action\')')
 3 SYSTEMPATH\Database\BaseBuilder.php(2302): CodeIgniter\Database\BaseConnection->query('INSERT INTO `kategoribuku` (`KategoriID`, `NamaKategori`) VALUES (:KategoriID:, :NamaKategori:)', [...], false)
 4 SYSTEMPATH\Model.php(326): CodeIgniter\Database\BaseBuilder->insert()
 5 SYSTEMPATH\BaseModel.php(802): CodeIgniter\Model->doInsert([...])
 6 SYSTEMPATH\Model.php(744): CodeIgniter\BaseModel->insert([...], true)
 7 APPPATH\Models\ModelKategori.php(16): CodeIgniter\Model->insert([...])
 8 APPPATH\Controllers\Admin.php(134): App\Models\ModelKategori->saveKategori([...])
 9 SYSTEMPATH\CodeIgniter.php(941): App\Controllers\Admin->tambahKategori()
10 SYSTEMPATH\CodeIgniter.php(502): CodeIgniter\CodeIgniter->runController(Object(App\Controllers\Admin))
11 SYSTEMPATH\CodeIgniter.php(361): CodeIgniter\CodeIgniter->handleRequest(null, Object(Config\Cache), false)
12 FCPATH\index.php(79): CodeIgniter\CodeIgniter->run()
CRITICAL - 2024-02-19 11:49:45 --> [Caused by] mysqli_sql_exception: Column 'KategoriID' cannot be null
in SYSTEMPATH\Database\MySQLi\Connection.php on line 306.
 1 SYSTEMPATH\Database\MySQLi\Connection.php(306): mysqli->query('INSERT INTO `kategoribuku` (`KategoriID`, `NamaKategori`) VALUES (NULL, \'Action\')', 0)
 2 SYSTEMPATH\Database\BaseConnection.php(693): CodeIgniter\Database\MySQLi\Connection->execute('INSERT INTO `kategoribuku` (`KategoriID`, `NamaKategori`) VALUES (NULL, \'Action\')')
 3 SYSTEMPATH\Database\BaseConnection.php(607): CodeIgniter\Database\BaseConnection->simpleQuery('INSERT INTO `kategoribuku` (`KategoriID`, `NamaKategori`) VALUES (NULL, \'Action\')')
 4 SYSTEMPATH\Database\BaseBuilder.php(2302): CodeIgniter\Database\BaseConnection->query('INSERT INTO `kategoribuku` (`KategoriID`, `NamaKategori`) VALUES (:KategoriID:, :NamaKategori:)', [...], false)
 5 SYSTEMPATH\Model.php(326): CodeIgniter\Database\BaseBuilder->insert()
 6 SYSTEMPATH\BaseModel.php(802): CodeIgniter\Model->doInsert([...])
 7 SYSTEMPATH\Model.php(744): CodeIgniter\BaseModel->insert([...], true)
 8 APPPATH\Models\ModelKategori.php(16): CodeIgniter\Model->insert([...])
 9 APPPATH\Controllers\Admin.php(134): App\Models\ModelKategori->saveKategori([...])
10 SYSTEMPATH\CodeIgniter.php(941): App\Controllers\Admin->tambahKategori()
11 SYSTEMPATH\CodeIgniter.php(502): CodeIgniter\CodeIgniter->runController(Object(App\Controllers\Admin))
12 SYSTEMPATH\CodeIgniter.php(361): CodeIgniter\CodeIgniter->handleRequest(null, Object(Config\Cache), false)
13 FCPATH\index.php(79): CodeIgniter\CodeIgniter->run()
ERROR - 2024-02-19 11:52:10 --> mysqli_sql_exception: Column 'KategoriID' cannot be null in D:\xampp\htdocs\ujian-kompetensi\perpuskuy\system\Database\MySQLi\Connection.php:306
Stack trace:
#0 D:\xampp\htdocs\ujian-kompetensi\perpuskuy\system\Database\MySQLi\Connection.php(306): mysqli->query('INSERT INTO `ka...', 0)
#1 D:\xampp\htdocs\ujian-kompetensi\perpuskuy\system\Database\BaseConnection.php(693): CodeIgniter\Database\MySQLi\Connection->execute('INSERT INTO `ka...')
#2 D:\xampp\htdocs\ujian-kompetensi\perpuskuy\system\Database\BaseConnection.php(607): CodeIgniter\Database\BaseConnection->simpleQuery('INSERT INTO `ka...')
#3 D:\xampp\htdocs\ujian-kompetensi\perpuskuy\system\Database\BaseBuilder.php(2302): CodeIgniter\Database\BaseConnection->query('INSERT INTO `ka...', Array, false)
#4 D:\xampp\htdocs\ujian-kompetensi\perpuskuy\system\Model.php(326): CodeIgniter\Database\BaseBuilder->insert()
#5 D:\xampp\htdocs\ujian-kompetensi\perpuskuy\system\BaseModel.php(802): CodeIgniter\Model->doInsert(Array)
#6 D:\xampp\htdocs\ujian-kompetensi\perpuskuy\system\Model.php(744): CodeIgniter\BaseModel->insert(Array, true)
#7 D:\xampp\htdocs\ujian-kompetensi\perpuskuy\app\Models\ModelKategori.php(16): CodeIgniter\Model->insert(Array)
#8 D:\xampp\htdocs\ujian-kompetensi\perpuskuy\app\Controllers\Admin.php(134): App\Models\ModelKategori->saveKategori(Array)
#9 D:\xampp\htdocs\ujian-kompetensi\perpuskuy\system\CodeIgniter.php(941): App\Controllers\Admin->tambahKategori()
#10 D:\xampp\htdocs\ujian-kompetensi\perpuskuy\system\CodeIgniter.php(502): CodeIgniter\CodeIgniter->runController(Object(App\Controllers\Admin))
#11 D:\xampp\htdocs\ujian-kompetensi\perpuskuy\system\CodeIgniter.php(361): CodeIgniter\CodeIgniter->handleRequest(NULL, Object(Config\Cache), false)
#12 D:\xampp\htdocs\ujian-kompetensi\perpuskuy\public\index.php(79): CodeIgniter\CodeIgniter->run()
#13 {main}
CRITICAL - 2024-02-19 11:52:10 --> CodeIgniter\Database\Exceptions\DatabaseException: Column 'KategoriID' cannot be null
in SYSTEMPATH\Database\BaseConnection.php on line 647.
 1 SYSTEMPATH\Database\BaseBuilder.php(2302): CodeIgniter\Database\BaseConnection->query('INSERT INTO `kategoribuku` (`KategoriID`, `NamaKategori`) VALUES (:KategoriID:, :NamaKategori:)', [...], false)
 2 SYSTEMPATH\Model.php(326): CodeIgniter\Database\BaseBuilder->insert()
 3 SYSTEMPATH\BaseModel.php(802): CodeIgniter\Model->doInsert([...])
 4 SYSTEMPATH\Model.php(744): CodeIgniter\BaseModel->insert([...], true)
 5 APPPATH\Models\ModelKategori.php(16): CodeIgniter\Model->insert([...])
 6 APPPATH\Controllers\Admin.php(134): App\Models\ModelKategori->saveKategori([...])
 7 SYSTEMPATH\CodeIgniter.php(941): App\Controllers\Admin->tambahKategori()
 8 SYSTEMPATH\CodeIgniter.php(502): CodeIgniter\CodeIgniter->runController(Object(App\Controllers\Admin))
 9 SYSTEMPATH\CodeIgniter.php(361): CodeIgniter\CodeIgniter->handleRequest(null, Object(Config\Cache), false)
10 FCPATH\index.php(79): CodeIgniter\CodeIgniter->run()
CRITICAL - 2024-02-19 11:52:10 --> [Caused by] CodeIgniter\Database\Exceptions\DatabaseException: Column 'KategoriID' cannot be null
in SYSTEMPATH\Database\MySQLi\Connection.php on line 311.
 1 SYSTEMPATH\Database\BaseConnection.php(693): CodeIgniter\Database\MySQLi\Connection->execute('INSERT INTO `kategoribuku` (`KategoriID`, `NamaKategori`) VALUES (NULL, \'Action\')')
 2 SYSTEMPATH\Database\BaseConnection.php(607): CodeIgniter\Database\BaseConnection->simpleQuery('INSERT INTO `kategoribuku` (`KategoriID`, `NamaKategori`) VALUES (NULL, \'Action\')')
 3 SYSTEMPATH\Database\BaseBuilder.php(2302): CodeIgniter\Database\BaseConnection->query('INSERT INTO `kategoribuku` (`KategoriID`, `NamaKategori`) VALUES (:KategoriID:, :NamaKategori:)', [...], false)
 4 SYSTEMPATH\Model.php(326): CodeIgniter\Database\BaseBuilder->insert()
 5 SYSTEMPATH\BaseModel.php(802): CodeIgniter\Model->doInsert([...])
 6 SYSTEMPATH\Model.php(744): CodeIgniter\BaseModel->insert([...], true)
 7 APPPATH\Models\ModelKategori.php(16): CodeIgniter\Model->insert([...])
 8 APPPATH\Controllers\Admin.php(134): App\Models\ModelKategori->saveKategori([...])
 9 SYSTEMPATH\CodeIgniter.php(941): App\Controllers\Admin->tambahKategori()
10 SYSTEMPATH\CodeIgniter.php(502): CodeIgniter\CodeIgniter->runController(Object(App\Controllers\Admin))
11 SYSTEMPATH\CodeIgniter.php(361): CodeIgniter\CodeIgniter->handleRequest(null, Object(Config\Cache), false)
12 FCPATH\index.php(79): CodeIgniter\CodeIgniter->run()
CRITICAL - 2024-02-19 11:52:10 --> [Caused by] mysqli_sql_exception: Column 'KategoriID' cannot be null
in SYSTEMPATH\Database\MySQLi\Connection.php on line 306.
 1 SYSTEMPATH\Database\MySQLi\Connection.php(306): mysqli->query('INSERT INTO `kategoribuku` (`KategoriID`, `NamaKategori`) VALUES (NULL, \'Action\')', 0)
 2 SYSTEMPATH\Database\BaseConnection.php(693): CodeIgniter\Database\MySQLi\Connection->execute('INSERT INTO `kategoribuku` (`KategoriID`, `NamaKategori`) VALUES (NULL, \'Action\')')
 3 SYSTEMPATH\Database\BaseConnection.php(607): CodeIgniter\Database\BaseConnection->simpleQuery('INSERT INTO `kategoribuku` (`KategoriID`, `NamaKategori`) VALUES (NULL, \'Action\')')
 4 SYSTEMPATH\Database\BaseBuilder.php(2302): CodeIgniter\Database\BaseConnection->query('INSERT INTO `kategoribuku` (`KategoriID`, `NamaKategori`) VALUES (:KategoriID:, :NamaKategori:)', [...], false)
 5 SYSTEMPATH\Model.php(326): CodeIgniter\Database\BaseBuilder->insert()
 6 SYSTEMPATH\BaseModel.php(802): CodeIgniter\Model->doInsert([...])
 7 SYSTEMPATH\Model.php(744): CodeIgniter\BaseModel->insert([...], true)
 8 APPPATH\Models\ModelKategori.php(16): CodeIgniter\Model->insert([...])
 9 APPPATH\Controllers\Admin.php(134): App\Models\ModelKategori->saveKategori([...])
10 SYSTEMPATH\CodeIgniter.php(941): App\Controllers\Admin->tambahKategori()
11 SYSTEMPATH\CodeIgniter.php(502): CodeIgniter\CodeIgniter->runController(Object(App\Controllers\Admin))
12 SYSTEMPATH\CodeIgniter.php(361): CodeIgniter\CodeIgniter->handleRequest(null, Object(Config\Cache), false)
13 FCPATH\index.php(79): CodeIgniter\CodeIgniter->run()
ERROR - 2024-02-19 11:55:22 --> mysqli_sql_exception: Column 'KategoriID' cannot be null in D:\xampp\htdocs\ujian-kompetensi\perpuskuy\system\Database\MySQLi\Connection.php:306
Stack trace:
#0 D:\xampp\htdocs\ujian-kompetensi\perpuskuy\system\Database\MySQLi\Connection.php(306): mysqli->query('INSERT INTO `ka...', 0)
#1 D:\xampp\htdocs\ujian-kompetensi\perpuskuy\system\Database\BaseConnection.php(693): CodeIgniter\Database\MySQLi\Connection->execute('INSERT INTO `ka...')
#2 D:\xampp\htdocs\ujian-kompetensi\perpuskuy\system\Database\BaseConnection.php(607): CodeIgniter\Database\BaseConnection->simpleQuery('INSERT INTO `ka...')
#3 D:\xampp\htdocs\ujian-kompetensi\perpuskuy\system\Database\BaseBuilder.php(2302): CodeIgniter\Database\BaseConnection->query('INSERT INTO `ka...', Array, false)
#4 D:\xampp\htdocs\ujian-kompetensi\perpuskuy\system\Model.php(326): CodeIgniter\Database\BaseBuilder->insert()
#5 D:\xampp\htdocs\ujian-kompetensi\perpuskuy\system\BaseModel.php(802): CodeIgniter\Model->doInsert(Array)
#6 D:\xampp\htdocs\ujian-kompetensi\perpuskuy\system\Model.php(744): CodeIgniter\BaseModel->insert(Array, true)
#7 D:\xampp\htdocs\ujian-kompetensi\perpuskuy\app\Models\ModelKategori.php(16): CodeIgniter\Model->insert(Array)
#8 D:\xampp\htdocs\ujian-kompetensi\perpuskuy\app\Controllers\Admin.php(134): App\Models\ModelKategori->saveKategori(Array)
#9 D:\xampp\htdocs\ujian-kompetensi\perpuskuy\system\CodeIgniter.php(941): App\Controllers\Admin->tambahKategori()
#10 D:\xampp\htdocs\ujian-kompetensi\perpuskuy\system\CodeIgniter.php(502): CodeIgniter\CodeIgniter->runController(Object(App\Controllers\Admin))
#11 D:\xampp\htdocs\ujian-kompetensi\perpuskuy\system\CodeIgniter.php(361): CodeIgniter\CodeIgniter->handleRequest(NULL, Object(Config\Cache), false)
#12 D:\xampp\htdocs\ujian-kompetensi\perpuskuy\public\index.php(79): CodeIgniter\CodeIgniter->run()
#13 {main}
CRITICAL - 2024-02-19 11:55:22 --> CodeIgniter\Database\Exceptions\DatabaseException: Column 'KategoriID' cannot be null
in SYSTEMPATH\Database\BaseConnection.php on line 647.
 1 SYSTEMPATH\Database\BaseBuilder.php(2302): CodeIgniter\Database\BaseConnection->query('INSERT INTO `kategoribuku` (`KategoriID`, `NamaKategori`) VALUES (:KategoriID:, :NamaKategori:)', [...], false)
 2 SYSTEMPATH\Model.php(326): CodeIgniter\Database\BaseBuilder->insert()
 3 SYSTEMPATH\BaseModel.php(802): CodeIgniter\Model->doInsert([...])
 4 SYSTEMPATH\Model.php(744): CodeIgniter\BaseModel->insert([...], true)
 5 APPPATH\Models\ModelKategori.php(16): CodeIgniter\Model->insert([...])
 6 APPPATH\Controllers\Admin.php(134): App\Models\ModelKategori->saveKategori([...])
 7 SYSTEMPATH\CodeIgniter.php(941): App\Controllers\Admin->tambahKategori()
 8 SYSTEMPATH\CodeIgniter.php(502): CodeIgniter\CodeIgniter->runController(Object(App\Controllers\Admin))
 9 SYSTEMPATH\CodeIgniter.php(361): CodeIgniter\CodeIgniter->handleRequest(null, Object(Config\Cache), false)
10 FCPATH\index.php(79): CodeIgniter\CodeIgniter->run()
CRITICAL - 2024-02-19 11:55:22 --> [Caused by] CodeIgniter\Database\Exceptions\DatabaseException: Column 'KategoriID' cannot be null
in SYSTEMPATH\Database\MySQLi\Connection.php on line 311.
 1 SYSTEMPATH\Database\BaseConnection.php(693): CodeIgniter\Database\MySQLi\Connection->execute('INSERT INTO `kategoribuku` (`KategoriID`, `NamaKategori`) VALUES (NULL, \'Action\')')
 2 SYSTEMPATH\Database\BaseConnection.php(607): CodeIgniter\Database\BaseConnection->simpleQuery('INSERT INTO `kategoribuku` (`KategoriID`, `NamaKategori`) VALUES (NULL, \'Action\')')
 3 SYSTEMPATH\Database\BaseBuilder.php(2302): CodeIgniter\Database\BaseConnection->query('INSERT INTO `kategoribuku` (`KategoriID`, `NamaKategori`) VALUES (:KategoriID:, :NamaKategori:)', [...], false)
 4 SYSTEMPATH\Model.php(326): CodeIgniter\Database\BaseBuilder->insert()
 5 SYSTEMPATH\BaseModel.php(802): CodeIgniter\Model->doInsert([...])
 6 SYSTEMPATH\Model.php(744): CodeIgniter\BaseModel->insert([...], true)
 7 APPPATH\Models\ModelKategori.php(16): CodeIgniter\Model->insert([...])
 8 APPPATH\Controllers\Admin.php(134): App\Models\ModelKategori->saveKategori([...])
 9 SYSTEMPATH\CodeIgniter.php(941): App\Controllers\Admin->tambahKategori()
10 SYSTEMPATH\CodeIgniter.php(502): CodeIgniter\CodeIgniter->runController(Object(App\Controllers\Admin))
11 SYSTEMPATH\CodeIgniter.php(361): CodeIgniter\CodeIgniter->handleRequest(null, Object(Config\Cache), false)
12 FCPATH\index.php(79): CodeIgniter\CodeIgniter->run()
CRITICAL - 2024-02-19 11:55:22 --> [Caused by] mysqli_sql_exception: Column 'KategoriID' cannot be null
in SYSTEMPATH\Database\MySQLi\Connection.php on line 306.
 1 SYSTEMPATH\Database\MySQLi\Connection.php(306): mysqli->query('INSERT INTO `kategoribuku` (`KategoriID`, `NamaKategori`) VALUES (NULL, \'Action\')', 0)
 2 SYSTEMPATH\Database\BaseConnection.php(693): CodeIgniter\Database\MySQLi\Connection->execute('INSERT INTO `kategoribuku` (`KategoriID`, `NamaKategori`) VALUES (NULL, \'Action\')')
 3 SYSTEMPATH\Database\BaseConnection.php(607): CodeIgniter\Database\BaseConnection->simpleQuery('INSERT INTO `kategoribuku` (`KategoriID`, `NamaKategori`) VALUES (NULL, \'Action\')')
 4 SYSTEMPATH\Database\BaseBuilder.php(2302): CodeIgniter\Database\BaseConnection->query('INSERT INTO `kategoribuku` (`KategoriID`, `NamaKategori`) VALUES (:KategoriID:, :NamaKategori:)', [...], false)
 5 SYSTEMPATH\Model.php(326): CodeIgniter\Database\BaseBuilder->insert()
 6 SYSTEMPATH\BaseModel.php(802): CodeIgniter\Model->doInsert([...])
 7 SYSTEMPATH\Model.php(744): CodeIgniter\BaseModel->insert([...], true)
 8 APPPATH\Models\ModelKategori.php(16): CodeIgniter\Model->insert([...])
 9 APPPATH\Controllers\Admin.php(134): App\Models\ModelKategori->saveKategori([...])
10 SYSTEMPATH\CodeIgniter.php(941): App\Controllers\Admin->tambahKategori()
11 SYSTEMPATH\CodeIgniter.php(502): CodeIgniter\CodeIgniter->runController(Object(App\Controllers\Admin))
12 SYSTEMPATH\CodeIgniter.php(361): CodeIgniter\CodeIgniter->handleRequest(null, Object(Config\Cache), false)
13 FCPATH\index.php(79): CodeIgniter\CodeIgniter->run()
ERROR - 2024-02-19 11:56:42 --> mysqli_sql_exception: Column 'KategoriID' cannot be null in D:\xampp\htdocs\ujian-kompetensi\perpuskuy\system\Database\MySQLi\Connection.php:306
Stack trace:
#0 D:\xampp\htdocs\ujian-kompetensi\perpuskuy\system\Database\MySQLi\Connection.php(306): mysqli->query('INSERT INTO `ka...', 0)
#1 D:\xampp\htdocs\ujian-kompetensi\perpuskuy\system\Database\BaseConnection.php(693): CodeIgniter\Database\MySQLi\Connection->execute('INSERT INTO `ka...')
#2 D:\xampp\htdocs\ujian-kompetensi\perpuskuy\system\Database\BaseConnection.php(607): CodeIgniter\Database\BaseConnection->simpleQuery('INSERT INTO `ka...')
#3 D:\xampp\htdocs\ujian-kompetensi\perpuskuy\system\Database\BaseBuilder.php(2302): CodeIgniter\Database\BaseConnection->query('INSERT INTO `ka...', Array, false)
#4 D:\xampp\htdocs\ujian-kompetensi\perpuskuy\system\Model.php(326): CodeIgniter\Database\BaseBuilder->insert()
#5 D:\xampp\htdocs\ujian-kompetensi\perpuskuy\system\BaseModel.php(802): CodeIgniter\Model->doInsert(Array)
#6 D:\xampp\htdocs\ujian-kompetensi\perpuskuy\system\Model.php(744): CodeIgniter\BaseModel->insert(Array, true)
#7 D:\xampp\htdocs\ujian-kompetensi\perpuskuy\app\Models\ModelKategori.php(16): CodeIgniter\Model->insert(Array)
#8 D:\xampp\htdocs\ujian-kompetensi\perpuskuy\app\Controllers\Admin.php(134): App\Models\ModelKategori->saveKategori(Array)
#9 D:\xampp\htdocs\ujian-kompetensi\perpuskuy\system\CodeIgniter.php(941): App\Controllers\Admin->tambahKategori()
#10 D:\xampp\htdocs\ujian-kompetensi\perpuskuy\system\CodeIgniter.php(502): CodeIgniter\CodeIgniter->runController(Object(App\Controllers\Admin))
#11 D:\xampp\htdocs\ujian-kompetensi\perpuskuy\system\CodeIgniter.php(361): CodeIgniter\CodeIgniter->handleRequest(NULL, Object(Config\Cache), false)
#12 D:\xampp\htdocs\ujian-kompetensi\perpuskuy\public\index.php(79): CodeIgniter\CodeIgniter->run()
#13 {main}
CRITICAL - 2024-02-19 11:56:43 --> CodeIgniter\Database\Exceptions\DatabaseException: Column 'KategoriID' cannot be null
in SYSTEMPATH\Database\BaseConnection.php on line 647.
 1 SYSTEMPATH\Database\BaseBuilder.php(2302): CodeIgniter\Database\BaseConnection->query('INSERT INTO `kategoribuku` (`KategoriID`, `NamaKategori`) VALUES (:KategoriID:, :NamaKategori:)', [...], false)
 2 SYSTEMPATH\Model.php(326): CodeIgniter\Database\BaseBuilder->insert()
 3 SYSTEMPATH\BaseModel.php(802): CodeIgniter\Model->doInsert([...])
 4 SYSTEMPATH\Model.php(744): CodeIgniter\BaseModel->insert([...], true)
 5 APPPATH\Models\ModelKategori.php(16): CodeIgniter\Model->insert([...])
 6 APPPATH\Controllers\Admin.php(134): App\Models\ModelKategori->saveKategori([...])
 7 SYSTEMPATH\CodeIgniter.php(941): App\Controllers\Admin->tambahKategori()
 8 SYSTEMPATH\CodeIgniter.php(502): CodeIgniter\CodeIgniter->runController(Object(App\Controllers\Admin))
 9 SYSTEMPATH\CodeIgniter.php(361): CodeIgniter\CodeIgniter->handleRequest(null, Object(Config\Cache), false)
10 FCPATH\index.php(79): CodeIgniter\CodeIgniter->run()
CRITICAL - 2024-02-19 11:56:43 --> [Caused by] CodeIgniter\Database\Exceptions\DatabaseException: Column 'KategoriID' cannot be null
in SYSTEMPATH\Database\MySQLi\Connection.php on line 311.
 1 SYSTEMPATH\Database\BaseConnection.php(693): CodeIgniter\Database\MySQLi\Connection->execute('INSERT INTO `kategoribuku` (`KategoriID`, `NamaKategori`) VALUES (NULL, \'Action\')')
 2 SYSTEMPATH\Database\BaseConnection.php(607): CodeIgniter\Database\BaseConnection->simpleQuery('INSERT INTO `kategoribuku` (`KategoriID`, `NamaKategori`) VALUES (NULL, \'Action\')')
 3 SYSTEMPATH\Database\BaseBuilder.php(2302): CodeIgniter\Database\BaseConnection->query('INSERT INTO `kategoribuku` (`KategoriID`, `NamaKategori`) VALUES (:KategoriID:, :NamaKategori:)', [...], false)
 4 SYSTEMPATH\Model.php(326): CodeIgniter\Database\BaseBuilder->insert()
 5 SYSTEMPATH\BaseModel.php(802): CodeIgniter\Model->doInsert([...])
 6 SYSTEMPATH\Model.php(744): CodeIgniter\BaseModel->insert([...], true)
 7 APPPATH\Models\ModelKategori.php(16): CodeIgniter\Model->insert([...])
 8 APPPATH\Controllers\Admin.php(134): App\Models\ModelKategori->saveKategori([...])
 9 SYSTEMPATH\CodeIgniter.php(941): App\Controllers\Admin->tambahKategori()
10 SYSTEMPATH\CodeIgniter.php(502): CodeIgniter\CodeIgniter->runController(Object(App\Controllers\Admin))
11 SYSTEMPATH\CodeIgniter.php(361): CodeIgniter\CodeIgniter->handleRequest(null, Object(Config\Cache), false)
12 FCPATH\index.php(79): CodeIgniter\CodeIgniter->run()
CRITICAL - 2024-02-19 11:56:43 --> [Caused by] mysqli_sql_exception: Column 'KategoriID' cannot be null
in SYSTEMPATH\Database\MySQLi\Connection.php on line 306.
 1 SYSTEMPATH\Database\MySQLi\Connection.php(306): mysqli->query('INSERT INTO `kategoribuku` (`KategoriID`, `NamaKategori`) VALUES (NULL, \'Action\')', 0)
 2 SYSTEMPATH\Database\BaseConnection.php(693): CodeIgniter\Database\MySQLi\Connection->execute('INSERT INTO `kategoribuku` (`KategoriID`, `NamaKategori`) VALUES (NULL, \'Action\')')
 3 SYSTEMPATH\Database\BaseConnection.php(607): CodeIgniter\Database\BaseConnection->simpleQuery('INSERT INTO `kategoribuku` (`KategoriID`, `NamaKategori`) VALUES (NULL, \'Action\')')
 4 SYSTEMPATH\Database\BaseBuilder.php(2302): CodeIgniter\Database\BaseConnection->query('INSERT INTO `kategoribuku` (`KategoriID`, `NamaKategori`) VALUES (:KategoriID:, :NamaKategori:)', [...], false)
 5 SYSTEMPATH\Model.php(326): CodeIgniter\Database\BaseBuilder->insert()
 6 SYSTEMPATH\BaseModel.php(802): CodeIgniter\Model->doInsert([...])
 7 SYSTEMPATH\Model.php(744): CodeIgniter\BaseModel->insert([...], true)
 8 APPPATH\Models\ModelKategori.php(16): CodeIgniter\Model->insert([...])
 9 APPPATH\Controllers\Admin.php(134): App\Models\ModelKategori->saveKategori([...])
10 SYSTEMPATH\CodeIgniter.php(941): App\Controllers\Admin->tambahKategori()
11 SYSTEMPATH\CodeIgniter.php(502): CodeIgniter\CodeIgniter->runController(Object(App\Controllers\Admin))
12 SYSTEMPATH\CodeIgniter.php(361): CodeIgniter\CodeIgniter->handleRequest(null, Object(Config\Cache), false)
13 FCPATH\index.php(79): CodeIgniter\CodeIgniter->run()
ERROR - 2024-02-19 11:58:55 --> mysqli_sql_exception: Column 'KategoriID' cannot be null in D:\xampp\htdocs\ujian-kompetensi\perpuskuy\system\Database\MySQLi\Connection.php:306
Stack trace:
#0 D:\xampp\htdocs\ujian-kompetensi\perpuskuy\system\Database\MySQLi\Connection.php(306): mysqli->query('INSERT INTO `ka...', 0)
#1 D:\xampp\htdocs\ujian-kompetensi\perpuskuy\system\Database\BaseConnection.php(693): CodeIgniter\Database\MySQLi\Connection->execute('INSERT INTO `ka...')
#2 D:\xampp\htdocs\ujian-kompetensi\perpuskuy\system\Database\BaseConnection.php(607): CodeIgniter\Database\BaseConnection->simpleQuery('INSERT INTO `ka...')
#3 D:\xampp\htdocs\ujian-kompetensi\perpuskuy\system\Database\BaseBuilder.php(2302): CodeIgniter\Database\BaseConnection->query('INSERT INTO `ka...', Array, false)
#4 D:\xampp\htdocs\ujian-kompetensi\perpuskuy\system\Model.php(326): CodeIgniter\Database\BaseBuilder->insert()
#5 D:\xampp\htdocs\ujian-kompetensi\perpuskuy\system\BaseModel.php(802): CodeIgniter\Model->doInsert(Array)
#6 D:\xampp\htdocs\ujian-kompetensi\perpuskuy\system\Model.php(744): CodeIgniter\BaseModel->insert(Array, true)
#7 D:\xampp\htdocs\ujian-kompetensi\perpuskuy\app\Models\ModelKategori.php(16): CodeIgniter\Model->insert(Array)
#8 D:\xampp\htdocs\ujian-kompetensi\perpuskuy\app\Controllers\Admin.php(134): App\Models\ModelKategori->saveKategori(Array)
#9 D:\xampp\htdocs\ujian-kompetensi\perpuskuy\system\CodeIgniter.php(941): App\Controllers\Admin->tambahKategori()
#10 D:\xampp\htdocs\ujian-kompetensi\perpuskuy\system\CodeIgniter.php(502): CodeIgniter\CodeIgniter->runController(Object(App\Controllers\Admin))
#11 D:\xampp\htdocs\ujian-kompetensi\perpuskuy\system\CodeIgniter.php(361): CodeIgniter\CodeIgniter->handleRequest(NULL, Object(Config\Cache), false)
#12 D:\xampp\htdocs\ujian-kompetensi\perpuskuy\public\index.php(79): CodeIgniter\CodeIgniter->run()
#13 {main}
CRITICAL - 2024-02-19 11:58:55 --> CodeIgniter\Database\Exceptions\DatabaseException: Column 'KategoriID' cannot be null
in SYSTEMPATH\Database\BaseConnection.php on line 647.
 1 SYSTEMPATH\Database\BaseBuilder.php(2302): CodeIgniter\Database\BaseConnection->query('INSERT INTO `kategoribuku` (`KategoriID`, `NamaKategori`) VALUES (:KategoriID:, :NamaKategori:)', [...], false)
 2 SYSTEMPATH\Model.php(326): CodeIgniter\Database\BaseBuilder->insert()
 3 SYSTEMPATH\BaseModel.php(802): CodeIgniter\Model->doInsert([...])
 4 SYSTEMPATH\Model.php(744): CodeIgniter\BaseModel->insert([...], true)
 5 APPPATH\Models\ModelKategori.php(16): CodeIgniter\Model->insert([...])
 6 APPPATH\Controllers\Admin.php(134): App\Models\ModelKategori->saveKategori([...])
 7 SYSTEMPATH\CodeIgniter.php(941): App\Controllers\Admin->tambahKategori()
 8 SYSTEMPATH\CodeIgniter.php(502): CodeIgniter\CodeIgniter->runController(Object(App\Controllers\Admin))
 9 SYSTEMPATH\CodeIgniter.php(361): CodeIgniter\CodeIgniter->handleRequest(null, Object(Config\Cache), false)
10 FCPATH\index.php(79): CodeIgniter\CodeIgniter->run()
CRITICAL - 2024-02-19 11:58:55 --> [Caused by] CodeIgniter\Database\Exceptions\DatabaseException: Column 'KategoriID' cannot be null
in SYSTEMPATH\Database\MySQLi\Connection.php on line 311.
 1 SYSTEMPATH\Database\BaseConnection.php(693): CodeIgniter\Database\MySQLi\Connection->execute('INSERT INTO `kategoribuku` (`KategoriID`, `NamaKategori`) VALUES (NULL, \'Action\')')
 2 SYSTEMPATH\Database\BaseConnection.php(607): CodeIgniter\Database\BaseConnection->simpleQuery('INSERT INTO `kategoribuku` (`KategoriID`, `NamaKategori`) VALUES (NULL, \'Action\')')
 3 SYSTEMPATH\Database\BaseBuilder.php(2302): CodeIgniter\Database\BaseConnection->query('INSERT INTO `kategoribuku` (`KategoriID`, `NamaKategori`) VALUES (:KategoriID:, :NamaKategori:)', [...], false)
 4 SYSTEMPATH\Model.php(326): CodeIgniter\Database\BaseBuilder->insert()
 5 SYSTEMPATH\BaseModel.php(802): CodeIgniter\Model->doInsert([...])
 6 SYSTEMPATH\Model.php(744): CodeIgniter\BaseModel->insert([...], true)
 7 APPPATH\Models\ModelKategori.php(16): CodeIgniter\Model->insert([...])
 8 APPPATH\Controllers\Admin.php(134): App\Models\ModelKategori->saveKategori([...])
 9 SYSTEMPATH\CodeIgniter.php(941): App\Controllers\Admin->tambahKategori()
10 SYSTEMPATH\CodeIgniter.php(502): CodeIgniter\CodeIgniter->runController(Object(App\Controllers\Admin))
11 SYSTEMPATH\CodeIgniter.php(361): CodeIgniter\CodeIgniter->handleRequest(null, Object(Config\Cache), false)
12 FCPATH\index.php(79): CodeIgniter\CodeIgniter->run()
CRITICAL - 2024-02-19 11:58:55 --> [Caused by] mysqli_sql_exception: Column 'KategoriID' cannot be null
in SYSTEMPATH\Database\MySQLi\Connection.php on line 306.
 1 SYSTEMPATH\Database\MySQLi\Connection.php(306): mysqli->query('INSERT INTO `kategoribuku` (`KategoriID`, `NamaKategori`) VALUES (NULL, \'Action\')', 0)
 2 SYSTEMPATH\Database\BaseConnection.php(693): CodeIgniter\Database\MySQLi\Connection->execute('INSERT INTO `kategoribuku` (`KategoriID`, `NamaKategori`) VALUES (NULL, \'Action\')')
 3 SYSTEMPATH\Database\BaseConnection.php(607): CodeIgniter\Database\BaseConnection->simpleQuery('INSERT INTO `kategoribuku` (`KategoriID`, `NamaKategori`) VALUES (NULL, \'Action\')')
 4 SYSTEMPATH\Database\BaseBuilder.php(2302): CodeIgniter\Database\BaseConnection->query('INSERT INTO `kategoribuku` (`KategoriID`, `NamaKategori`) VALUES (:KategoriID:, :NamaKategori:)', [...], false)
 5 SYSTEMPATH\Model.php(326): CodeIgniter\Database\BaseBuilder->insert()
 6 SYSTEMPATH\BaseModel.php(802): CodeIgniter\Model->doInsert([...])
 7 SYSTEMPATH\Model.php(744): CodeIgniter\BaseModel->insert([...], true)
 8 APPPATH\Models\ModelKategori.php(16): CodeIgniter\Model->insert([...])
 9 APPPATH\Controllers\Admin.php(134): App\Models\ModelKategori->saveKategori([...])
10 SYSTEMPATH\CodeIgniter.php(941): App\Controllers\Admin->tambahKategori()
11 SYSTEMPATH\CodeIgniter.php(502): CodeIgniter\CodeIgniter->runController(Object(App\Controllers\Admin))
12 SYSTEMPATH\CodeIgniter.php(361): CodeIgniter\CodeIgniter->handleRequest(null, Object(Config\Cache), false)
13 FCPATH\index.php(79): CodeIgniter\CodeIgniter->run()
ERROR - 2024-02-19 12:01:20 --> mysqli_sql_exception: Column 'KategoriID' cannot be null in D:\xampp\htdocs\ujian-kompetensi\perpuskuy\system\Database\MySQLi\Connection.php:306
Stack trace:
#0 D:\xampp\htdocs\ujian-kompetensi\perpuskuy\system\Database\MySQLi\Connection.php(306): mysqli->query('INSERT INTO `ka...', 0)
#1 D:\xampp\htdocs\ujian-kompetensi\perpuskuy\system\Database\BaseConnection.php(693): CodeIgniter\Database\MySQLi\Connection->execute('INSERT INTO `ka...')
#2 D:\xampp\htdocs\ujian-kompetensi\perpuskuy\system\Database\BaseConnection.php(607): CodeIgniter\Database\BaseConnection->simpleQuery('INSERT INTO `ka...')
#3 D:\xampp\htdocs\ujian-kompetensi\perpuskuy\system\Database\BaseBuilder.php(2302): CodeIgniter\Database\BaseConnection->query('INSERT INTO `ka...', Array, false)
#4 D:\xampp\htdocs\ujian-kompetensi\perpuskuy\system\Model.php(326): CodeIgniter\Database\BaseBuilder->insert()
#5 D:\xampp\htdocs\ujian-kompetensi\perpuskuy\system\BaseModel.php(802): CodeIgniter\Model->doInsert(Array)
#6 D:\xampp\htdocs\ujian-kompetensi\perpuskuy\system\Model.php(744): CodeIgniter\BaseModel->insert(Array, true)
#7 D:\xampp\htdocs\ujian-kompetensi\perpuskuy\app\Models\ModelKategori.php(16): CodeIgniter\Model->insert(Array)
#8 D:\xampp\htdocs\ujian-kompetensi\perpuskuy\app\Controllers\Admin.php(134): App\Models\ModelKategori->saveKategori(Array)
#9 D:\xampp\htdocs\ujian-kompetensi\perpuskuy\system\CodeIgniter.php(941): App\Controllers\Admin->tambahKategori()
#10 D:\xampp\htdocs\ujian-kompetensi\perpuskuy\system\CodeIgniter.php(502): CodeIgniter\CodeIgniter->runController(Object(App\Controllers\Admin))
#11 D:\xampp\htdocs\ujian-kompetensi\perpuskuy\system\CodeIgniter.php(361): CodeIgniter\CodeIgniter->handleRequest(NULL, Object(Config\Cache), false)
#12 D:\xampp\htdocs\ujian-kompetensi\perpuskuy\public\index.php(79): CodeIgniter\CodeIgniter->run()
#13 {main}
CRITICAL - 2024-02-19 12:01:21 --> CodeIgniter\Database\Exceptions\DatabaseException: Column 'KategoriID' cannot be null
in SYSTEMPATH\Database\BaseConnection.php on line 647.
 1 SYSTEMPATH\Database\BaseBuilder.php(2302): CodeIgniter\Database\BaseConnection->query('INSERT INTO `kategoribuku` (`KategoriID`, `NamaKategori`) VALUES (:KategoriID:, :NamaKategori:)', [...], false)
 2 SYSTEMPATH\Model.php(326): CodeIgniter\Database\BaseBuilder->insert()
 3 SYSTEMPATH\BaseModel.php(802): CodeIgniter\Model->doInsert([...])
 4 SYSTEMPATH\Model.php(744): CodeIgniter\BaseModel->insert([...], true)
 5 APPPATH\Models\ModelKategori.php(16): CodeIgniter\Model->insert([...])
 6 APPPATH\Controllers\Admin.php(134): App\Models\ModelKategori->saveKategori([...])
 7 SYSTEMPATH\CodeIgniter.php(941): App\Controllers\Admin->tambahKategori()
 8 SYSTEMPATH\CodeIgniter.php(502): CodeIgniter\CodeIgniter->runController(Object(App\Controllers\Admin))
 9 SYSTEMPATH\CodeIgniter.php(361): CodeIgniter\CodeIgniter->handleRequest(null, Object(Config\Cache), false)
10 FCPATH\index.php(79): CodeIgniter\CodeIgniter->run()
CRITICAL - 2024-02-19 12:01:21 --> [Caused by] CodeIgniter\Database\Exceptions\DatabaseException: Column 'KategoriID' cannot be null
in SYSTEMPATH\Database\MySQLi\Connection.php on line 311.
 1 SYSTEMPATH\Database\BaseConnection.php(693): CodeIgniter\Database\MySQLi\Connection->execute('INSERT INTO `kategoribuku` (`KategoriID`, `NamaKategori`) VALUES (NULL, \'Action\')')
 2 SYSTEMPATH\Database\BaseConnection.php(607): CodeIgniter\Database\BaseConnection->simpleQuery('INSERT INTO `kategoribuku` (`KategoriID`, `NamaKategori`) VALUES (NULL, \'Action\')')
 3 SYSTEMPATH\Database\BaseBuilder.php(2302): CodeIgniter\Database\BaseConnection->query('INSERT INTO `kategoribuku` (`KategoriID`, `NamaKategori`) VALUES (:KategoriID:, :NamaKategori:)', [...], false)
 4 SYSTEMPATH\Model.php(326): CodeIgniter\Database\BaseBuilder->insert()
 5 SYSTEMPATH\BaseModel.php(802): CodeIgniter\Model->doInsert([...])
 6 SYSTEMPATH\Model.php(744): CodeIgniter\BaseModel->insert([...], true)
 7 APPPATH\Models\ModelKategori.php(16): CodeIgniter\Model->insert([...])
 8 APPPATH\Controllers\Admin.php(134): App\Models\ModelKategori->saveKategori([...])
 9 SYSTEMPATH\CodeIgniter.php(941): App\Controllers\Admin->tambahKategori()
10 SYSTEMPATH\CodeIgniter.php(502): CodeIgniter\CodeIgniter->runController(Object(App\Controllers\Admin))
11 SYSTEMPATH\CodeIgniter.php(361): CodeIgniter\CodeIgniter->handleRequest(null, Object(Config\Cache), false)
12 FCPATH\index.php(79): CodeIgniter\CodeIgniter->run()
CRITICAL - 2024-02-19 12:01:21 --> [Caused by] mysqli_sql_exception: Column 'KategoriID' cannot be null
in SYSTEMPATH\Database\MySQLi\Connection.php on line 306.
 1 SYSTEMPATH\Database\MySQLi\Connection.php(306): mysqli->query('INSERT INTO `kategoribuku` (`KategoriID`, `NamaKategori`) VALUES (NULL, \'Action\')', 0)
 2 SYSTEMPATH\Database\BaseConnection.php(693): CodeIgniter\Database\MySQLi\Connection->execute('INSERT INTO `kategoribuku` (`KategoriID`, `NamaKategori`) VALUES (NULL, \'Action\')')
 3 SYSTEMPATH\Database\BaseConnection.php(607): CodeIgniter\Database\BaseConnection->simpleQuery('INSERT INTO `kategoribuku` (`KategoriID`, `NamaKategori`) VALUES (NULL, \'Action\')')
 4 SYSTEMPATH\Database\BaseBuilder.php(2302): CodeIgniter\Database\BaseConnection->query('INSERT INTO `kategoribuku` (`KategoriID`, `NamaKategori`) VALUES (:KategoriID:, :NamaKategori:)', [...], false)
 5 SYSTEMPATH\Model.php(326): CodeIgniter\Database\BaseBuilder->insert()
 6 SYSTEMPATH\BaseModel.php(802): CodeIgniter\Model->doInsert([...])
 7 SYSTEMPATH\Model.php(744): CodeIgniter\BaseModel->insert([...], true)
 8 APPPATH\Models\ModelKategori.php(16): CodeIgniter\Model->insert([...])
 9 APPPATH\Controllers\Admin.php(134): App\Models\ModelKategori->saveKategori([...])
10 SYSTEMPATH\CodeIgniter.php(941): App\Controllers\Admin->tambahKategori()
11 SYSTEMPATH\CodeIgniter.php(502): CodeIgniter\CodeIgniter->runController(Object(App\Controllers\Admin))
12 SYSTEMPATH\CodeIgniter.php(361): CodeIgniter\CodeIgniter->handleRequest(null, Object(Config\Cache), false)
13 FCPATH\index.php(79): CodeIgniter\CodeIgniter->run()
ERROR - 2024-02-19 12:07:51 --> mysqli_sql_exception: Column 'KategoriID' cannot be null in D:\xampp\htdocs\ujian-kompetensi\perpuskuy\system\Database\MySQLi\Connection.php:306
Stack trace:
#0 D:\xampp\htdocs\ujian-kompetensi\perpuskuy\system\Database\MySQLi\Connection.php(306): mysqli->query('INSERT INTO `ka...', 0)
#1 D:\xampp\htdocs\ujian-kompetensi\perpuskuy\system\Database\BaseConnection.php(693): CodeIgniter\Database\MySQLi\Connection->execute('INSERT INTO `ka...')
#2 D:\xampp\htdocs\ujian-kompetensi\perpuskuy\system\Database\BaseConnection.php(607): CodeIgniter\Database\BaseConnection->simpleQuery('INSERT INTO `ka...')
#3 D:\xampp\htdocs\ujian-kompetensi\perpuskuy\system\Database\BaseBuilder.php(2302): CodeIgniter\Database\BaseConnection->query('INSERT INTO `ka...', Array, false)
#4 D:\xampp\htdocs\ujian-kompetensi\perpuskuy\system\Model.php(326): CodeIgniter\Database\BaseBuilder->insert()
#5 D:\xampp\htdocs\ujian-kompetensi\perpuskuy\system\BaseModel.php(802): CodeIgniter\Model->doInsert(Array)
#6 D:\xampp\htdocs\ujian-kompetensi\perpuskuy\system\Model.php(744): CodeIgniter\BaseModel->insert(Array, true)
#7 D:\xampp\htdocs\ujian-kompetensi\perpuskuy\app\Models\ModelKategori.php(16): CodeIgniter\Model->insert(Array)
#8 D:\xampp\htdocs\ujian-kompetensi\perpuskuy\app\Controllers\Admin.php(134): App\Models\ModelKategori->saveKategori(Array)
#9 D:\xampp\htdocs\ujian-kompetensi\perpuskuy\system\CodeIgniter.php(941): App\Controllers\Admin->tambahKategori()
#10 D:\xampp\htdocs\ujian-kompetensi\perpuskuy\system\CodeIgniter.php(502): CodeIgniter\CodeIgniter->runController(Object(App\Controllers\Admin))
#11 D:\xampp\htdocs\ujian-kompetensi\perpuskuy\system\CodeIgniter.php(361): CodeIgniter\CodeIgniter->handleRequest(NULL, Object(Config\Cache), false)
#12 D:\xampp\htdocs\ujian-kompetensi\perpuskuy\public\index.php(79): CodeIgniter\CodeIgniter->run()
#13 {main}
CRITICAL - 2024-02-19 12:07:52 --> CodeIgniter\Database\Exceptions\DatabaseException: Column 'KategoriID' cannot be null
in SYSTEMPATH\Database\BaseConnection.php on line 647.
 1 SYSTEMPATH\Database\BaseBuilder.php(2302): CodeIgniter\Database\BaseConnection->query('INSERT INTO `kategoribuku` (`KategoriID`, `NamaKategori`) VALUES (:KategoriID:, :NamaKategori:)', [...], false)
 2 SYSTEMPATH\Model.php(326): CodeIgniter\Database\BaseBuilder->insert()
 3 SYSTEMPATH\BaseModel.php(802): CodeIgniter\Model->doInsert([...])
 4 SYSTEMPATH\Model.php(744): CodeIgniter\BaseModel->insert([...], true)
 5 APPPATH\Models\ModelKategori.php(16): CodeIgniter\Model->insert([...])
 6 APPPATH\Controllers\Admin.php(134): App\Models\ModelKategori->saveKategori([...])
 7 SYSTEMPATH\CodeIgniter.php(941): App\Controllers\Admin->tambahKategori()
 8 SYSTEMPATH\CodeIgniter.php(502): CodeIgniter\CodeIgniter->runController(Object(App\Controllers\Admin))
 9 SYSTEMPATH\CodeIgniter.php(361): CodeIgniter\CodeIgniter->handleRequest(null, Object(Config\Cache), false)
10 FCPATH\index.php(79): CodeIgniter\CodeIgniter->run()
CRITICAL - 2024-02-19 12:07:52 --> [Caused by] CodeIgniter\Database\Exceptions\DatabaseException: Column 'KategoriID' cannot be null
in SYSTEMPATH\Database\MySQLi\Connection.php on line 311.
 1 SYSTEMPATH\Database\BaseConnection.php(693): CodeIgniter\Database\MySQLi\Connection->execute('INSERT INTO `kategoribuku` (`KategoriID`, `NamaKategori`) VALUES (NULL, \'Action\')')
 2 SYSTEMPATH\Database\BaseConnection.php(607): CodeIgniter\Database\BaseConnection->simpleQuery('INSERT INTO `kategoribuku` (`KategoriID`, `NamaKategori`) VALUES (NULL, \'Action\')')
 3 SYSTEMPATH\Database\BaseBuilder.php(2302): CodeIgniter\Database\BaseConnection->query('INSERT INTO `kategoribuku` (`KategoriID`, `NamaKategori`) VALUES (:KategoriID:, :NamaKategori:)', [...], false)
 4 SYSTEMPATH\Model.php(326): CodeIgniter\Database\BaseBuilder->insert()
 5 SYSTEMPATH\BaseModel.php(802): CodeIgniter\Model->doInsert([...])
 6 SYSTEMPATH\Model.php(744): CodeIgniter\BaseModel->insert([...], true)
 7 APPPATH\Models\ModelKategori.php(16): CodeIgniter\Model->insert([...])
 8 APPPATH\Controllers\Admin.php(134): App\Models\ModelKategori->saveKategori([...])
 9 SYSTEMPATH\CodeIgniter.php(941): App\Controllers\Admin->tambahKategori()
10 SYSTEMPATH\CodeIgniter.php(502): CodeIgniter\CodeIgniter->runController(Object(App\Controllers\Admin))
11 SYSTEMPATH\CodeIgniter.php(361): CodeIgniter\CodeIgniter->handleRequest(null, Object(Config\Cache), false)
12 FCPATH\index.php(79): CodeIgniter\CodeIgniter->run()
CRITICAL - 2024-02-19 12:07:52 --> [Caused by] mysqli_sql_exception: Column 'KategoriID' cannot be null
in SYSTEMPATH\Database\MySQLi\Connection.php on line 306.
 1 SYSTEMPATH\Database\MySQLi\Connection.php(306): mysqli->query('INSERT INTO `kategoribuku` (`KategoriID`, `NamaKategori`) VALUES (NULL, \'Action\')', 0)
 2 SYSTEMPATH\Database\BaseConnection.php(693): CodeIgniter\Database\MySQLi\Connection->execute('INSERT INTO `kategoribuku` (`KategoriID`, `NamaKategori`) VALUES (NULL, \'Action\')')
 3 SYSTEMPATH\Database\BaseConnection.php(607): CodeIgniter\Database\BaseConnection->simpleQuery('INSERT INTO `kategoribuku` (`KategoriID`, `NamaKategori`) VALUES (NULL, \'Action\')')
 4 SYSTEMPATH\Database\BaseBuilder.php(2302): CodeIgniter\Database\BaseConnection->query('INSERT INTO `kategoribuku` (`KategoriID`, `NamaKategori`) VALUES (:KategoriID:, :NamaKategori:)', [...], false)
 5 SYSTEMPATH\Model.php(326): CodeIgniter\Database\BaseBuilder->insert()
 6 SYSTEMPATH\BaseModel.php(802): CodeIgniter\Model->doInsert([...])
 7 SYSTEMPATH\Model.php(744): CodeIgniter\BaseModel->insert([...], true)
 8 APPPATH\Models\ModelKategori.php(16): CodeIgniter\Model->insert([...])
 9 APPPATH\Controllers\Admin.php(134): App\Models\ModelKategori->saveKategori([...])
10 SYSTEMPATH\CodeIgniter.php(941): App\Controllers\Admin->tambahKategori()
11 SYSTEMPATH\CodeIgniter.php(502): CodeIgniter\CodeIgniter->runController(Object(App\Controllers\Admin))
12 SYSTEMPATH\CodeIgniter.php(361): CodeIgniter\CodeIgniter->handleRequest(null, Object(Config\Cache), false)
13 FCPATH\index.php(79): CodeIgniter\CodeIgniter->run()
ERROR - 2024-02-19 12:14:22 --> mysqli_sql_exception: Column 'KategoriID' cannot be null in D:\xampp\htdocs\ujian-kompetensi\perpuskuy\system\Database\MySQLi\Connection.php:306
Stack trace:
#0 D:\xampp\htdocs\ujian-kompetensi\perpuskuy\system\Database\MySQLi\Connection.php(306): mysqli->query('INSERT INTO `ka...', 0)
#1 D:\xampp\htdocs\ujian-kompetensi\perpuskuy\system\Database\BaseConnection.php(693): CodeIgniter\Database\MySQLi\Connection->execute('INSERT INTO `ka...')
#2 D:\xampp\htdocs\ujian-kompetensi\perpuskuy\system\Database\BaseConnection.php(607): CodeIgniter\Database\BaseConnection->simpleQuery('INSERT INTO `ka...')
#3 D:\xampp\htdocs\ujian-kompetensi\perpuskuy\system\Database\BaseBuilder.php(2302): CodeIgniter\Database\BaseConnection->query('INSERT INTO `ka...', Array, false)
#4 D:\xampp\htdocs\ujian-kompetensi\perpuskuy\system\Model.php(326): CodeIgniter\Database\BaseBuilder->insert()
#5 D:\xampp\htdocs\ujian-kompetensi\perpuskuy\system\BaseModel.php(802): CodeIgniter\Model->doInsert(Array)
#6 D:\xampp\htdocs\ujian-kompetensi\perpuskuy\system\Model.php(744): CodeIgniter\BaseModel->insert(Array, true)
#7 D:\xampp\htdocs\ujian-kompetensi\perpuskuy\app\Models\ModelKategori.php(16): CodeIgniter\Model->insert(Array)
#8 D:\xampp\htdocs\ujian-kompetensi\perpuskuy\app\Controllers\Admin.php(134): App\Models\ModelKategori->saveKategori(Array)
#9 D:\xampp\htdocs\ujian-kompetensi\perpuskuy\system\CodeIgniter.php(941): App\Controllers\Admin->tambahKategori()
#10 D:\xampp\htdocs\ujian-kompetensi\perpuskuy\system\CodeIgniter.php(502): CodeIgniter\CodeIgniter->runController(Object(App\Controllers\Admin))
#11 D:\xampp\htdocs\ujian-kompetensi\perpuskuy\system\CodeIgniter.php(361): CodeIgniter\CodeIgniter->handleRequest(NULL, Object(Config\Cache), false)
#12 D:\xampp\htdocs\ujian-kompetensi\perpuskuy\public\index.php(79): CodeIgniter\CodeIgniter->run()
#13 {main}
CRITICAL - 2024-02-19 12:14:23 --> CodeIgniter\Database\Exceptions\DatabaseException: Column 'KategoriID' cannot be null
in SYSTEMPATH\Database\BaseConnection.php on line 647.
 1 SYSTEMPATH\Database\BaseBuilder.php(2302): CodeIgniter\Database\BaseConnection->query('INSERT INTO `kategoribuku` (`KategoriID`, `NamaKategori`) VALUES (:KategoriID:, :NamaKategori:)', [...], false)
 2 SYSTEMPATH\Model.php(326): CodeIgniter\Database\BaseBuilder->insert()
 3 SYSTEMPATH\BaseModel.php(802): CodeIgniter\Model->doInsert([...])
 4 SYSTEMPATH\Model.php(744): CodeIgniter\BaseModel->insert([...], true)
 5 APPPATH\Models\ModelKategori.php(16): CodeIgniter\Model->insert([...])
 6 APPPATH\Controllers\Admin.php(134): App\Models\ModelKategori->saveKategori([...])
 7 SYSTEMPATH\CodeIgniter.php(941): App\Controllers\Admin->tambahKategori()
 8 SYSTEMPATH\CodeIgniter.php(502): CodeIgniter\CodeIgniter->runController(Object(App\Controllers\Admin))
 9 SYSTEMPATH\CodeIgniter.php(361): CodeIgniter\CodeIgniter->handleRequest(null, Object(Config\Cache), false)
10 FCPATH\index.php(79): CodeIgniter\CodeIgniter->run()
CRITICAL - 2024-02-19 12:14:23 --> [Caused by] CodeIgniter\Database\Exceptions\DatabaseException: Column 'KategoriID' cannot be null
in SYSTEMPATH\Database\MySQLi\Connection.php on line 311.
 1 SYSTEMPATH\Database\BaseConnection.php(693): CodeIgniter\Database\MySQLi\Connection->execute('INSERT INTO `kategoribuku` (`KategoriID`, `NamaKategori`) VALUES (NULL, \'Triller\')')
 2 SYSTEMPATH\Database\BaseConnection.php(607): CodeIgniter\Database\BaseConnection->simpleQuery('INSERT INTO `kategoribuku` (`KategoriID`, `NamaKategori`) VALUES (NULL, \'Triller\')')
 3 SYSTEMPATH\Database\BaseBuilder.php(2302): CodeIgniter\Database\BaseConnection->query('INSERT INTO `kategoribuku` (`KategoriID`, `NamaKategori`) VALUES (:KategoriID:, :NamaKategori:)', [...], false)
 4 SYSTEMPATH\Model.php(326): CodeIgniter\Database\BaseBuilder->insert()
 5 SYSTEMPATH\BaseModel.php(802): CodeIgniter\Model->doInsert([...])
 6 SYSTEMPATH\Model.php(744): CodeIgniter\BaseModel->insert([...], true)
 7 APPPATH\Models\ModelKategori.php(16): CodeIgniter\Model->insert([...])
 8 APPPATH\Controllers\Admin.php(134): App\Models\ModelKategori->saveKategori([...])
 9 SYSTEMPATH\CodeIgniter.php(941): App\Controllers\Admin->tambahKategori()
10 SYSTEMPATH\CodeIgniter.php(502): CodeIgniter\CodeIgniter->runController(Object(App\Controllers\Admin))
11 SYSTEMPATH\CodeIgniter.php(361): CodeIgniter\CodeIgniter->handleRequest(null, Object(Config\Cache), false)
12 FCPATH\index.php(79): CodeIgniter\CodeIgniter->run()
CRITICAL - 2024-02-19 12:14:23 --> [Caused by] mysqli_sql_exception: Column 'KategoriID' cannot be null
in SYSTEMPATH\Database\MySQLi\Connection.php on line 306.
 1 SYSTEMPATH\Database\MySQLi\Connection.php(306): mysqli->query('INSERT INTO `kategoribuku` (`KategoriID`, `NamaKategori`) VALUES (NULL, \'Triller\')', 0)
 2 SYSTEMPATH\Database\BaseConnection.php(693): CodeIgniter\Database\MySQLi\Connection->execute('INSERT INTO `kategoribuku` (`KategoriID`, `NamaKategori`) VALUES (NULL, \'Triller\')')
 3 SYSTEMPATH\Database\BaseConnection.php(607): CodeIgniter\Database\BaseConnection->simpleQuery('INSERT INTO `kategoribuku` (`KategoriID`, `NamaKategori`) VALUES (NULL, \'Triller\')')
 4 SYSTEMPATH\Database\BaseBuilder.php(2302): CodeIgniter\Database\BaseConnection->query('INSERT INTO `kategoribuku` (`KategoriID`, `NamaKategori`) VALUES (:KategoriID:, :NamaKategori:)', [...], false)
 5 SYSTEMPATH\Model.php(326): CodeIgniter\Database\BaseBuilder->insert()
 6 SYSTEMPATH\BaseModel.php(802): CodeIgniter\Model->doInsert([...])
 7 SYSTEMPATH\Model.php(744): CodeIgniter\BaseModel->insert([...], true)
 8 APPPATH\Models\ModelKategori.php(16): CodeIgniter\Model->insert([...])
 9 APPPATH\Controllers\Admin.php(134): App\Models\ModelKategori->saveKategori([...])
10 SYSTEMPATH\CodeIgniter.php(941): App\Controllers\Admin->tambahKategori()
11 SYSTEMPATH\CodeIgniter.php(502): CodeIgniter\CodeIgniter->runController(Object(App\Controllers\Admin))
12 SYSTEMPATH\CodeIgniter.php(361): CodeIgniter\CodeIgniter->handleRequest(null, Object(Config\Cache), false)
13 FCPATH\index.php(79): CodeIgniter\CodeIgniter->run()
ERROR - 2024-02-19 12:23:14 --> mysqli_sql_exception: Column 'KategoriID' cannot be null in D:\xampp\htdocs\ujian-kompetensi\perpuskuy\system\Database\MySQLi\Connection.php:306
Stack trace:
#0 D:\xampp\htdocs\ujian-kompetensi\perpuskuy\system\Database\MySQLi\Connection.php(306): mysqli->query('INSERT INTO `ka...', 0)
#1 D:\xampp\htdocs\ujian-kompetensi\perpuskuy\system\Database\BaseConnection.php(693): CodeIgniter\Database\MySQLi\Connection->execute('INSERT INTO `ka...')
#2 D:\xampp\htdocs\ujian-kompetensi\perpuskuy\system\Database\BaseConnection.php(607): CodeIgniter\Database\BaseConnection->simpleQuery('INSERT INTO `ka...')
#3 D:\xampp\htdocs\ujian-kompetensi\perpuskuy\system\Database\BaseBuilder.php(2302): CodeIgniter\Database\BaseConnection->query('INSERT INTO `ka...', Array, false)
#4 D:\xampp\htdocs\ujian-kompetensi\perpuskuy\system\Model.php(326): CodeIgniter\Database\BaseBuilder->insert()
#5 D:\xampp\htdocs\ujian-kompetensi\perpuskuy\system\BaseModel.php(802): CodeIgniter\Model->doInsert(Array)
#6 D:\xampp\htdocs\ujian-kompetensi\perpuskuy\system\Model.php(744): CodeIgniter\BaseModel->insert(Array, true)
#7 D:\xampp\htdocs\ujian-kompetensi\perpuskuy\app\Models\ModelKategori.php(16): CodeIgniter\Model->insert(Array)
#8 D:\xampp\htdocs\ujian-kompetensi\perpuskuy\app\Controllers\Admin.php(134): App\Models\ModelKategori->saveKategori(Array)
#9 D:\xampp\htdocs\ujian-kompetensi\perpuskuy\system\CodeIgniter.php(941): App\Controllers\Admin->tambahKategori()
#10 D:\xampp\htdocs\ujian-kompetensi\perpuskuy\system\CodeIgniter.php(502): CodeIgniter\CodeIgniter->runController(Object(App\Controllers\Admin))
#11 D:\xampp\htdocs\ujian-kompetensi\perpuskuy\system\CodeIgniter.php(361): CodeIgniter\CodeIgniter->handleRequest(NULL, Object(Config\Cache), false)
#12 D:\xampp\htdocs\ujian-kompetensi\perpuskuy\public\index.php(79): CodeIgniter\CodeIgniter->run()
#13 {main}
CRITICAL - 2024-02-19 12:23:15 --> CodeIgniter\Database\Exceptions\DatabaseException: Column 'KategoriID' cannot be null
in SYSTEMPATH\Database\BaseConnection.php on line 647.
 1 SYSTEMPATH\Database\BaseBuilder.php(2302): CodeIgniter\Database\BaseConnection->query('INSERT INTO `kategoribuku` (`KategoriID`, `NamaKategori`) VALUES (:KategoriID:, :NamaKategori:)', [...], false)
 2 SYSTEMPATH\Model.php(326): CodeIgniter\Database\BaseBuilder->insert()
 3 SYSTEMPATH\BaseModel.php(802): CodeIgniter\Model->doInsert([...])
 4 SYSTEMPATH\Model.php(744): CodeIgniter\BaseModel->insert([...], true)
 5 APPPATH\Models\ModelKategori.php(16): CodeIgniter\Model->insert([...])
 6 APPPATH\Controllers\Admin.php(134): App\Models\ModelKategori->saveKategori([...])
 7 SYSTEMPATH\CodeIgniter.php(941): App\Controllers\Admin->tambahKategori()
 8 SYSTEMPATH\CodeIgniter.php(502): CodeIgniter\CodeIgniter->runController(Object(App\Controllers\Admin))
 9 SYSTEMPATH\CodeIgniter.php(361): CodeIgniter\CodeIgniter->handleRequest(null, Object(Config\Cache), false)
10 FCPATH\index.php(79): CodeIgniter\CodeIgniter->run()
CRITICAL - 2024-02-19 12:23:15 --> [Caused by] CodeIgniter\Database\Exceptions\DatabaseException: Column 'KategoriID' cannot be null
in SYSTEMPATH\Database\MySQLi\Connection.php on line 311.
 1 SYSTEMPATH\Database\BaseConnection.php(693): CodeIgniter\Database\MySQLi\Connection->execute('INSERT INTO `kategoribuku` (`KategoriID`, `NamaKategori`) VALUES (NULL, \'Action\')')
 2 SYSTEMPATH\Database\BaseConnection.php(607): CodeIgniter\Database\BaseConnection->simpleQuery('INSERT INTO `kategoribuku` (`KategoriID`, `NamaKategori`) VALUES (NULL, \'Action\')')
 3 SYSTEMPATH\Database\BaseBuilder.php(2302): CodeIgniter\Database\BaseConnection->query('INSERT INTO `kategoribuku` (`KategoriID`, `NamaKategori`) VALUES (:KategoriID:, :NamaKategori:)', [...], false)
 4 SYSTEMPATH\Model.php(326): CodeIgniter\Database\BaseBuilder->insert()
 5 SYSTEMPATH\BaseModel.php(802): CodeIgniter\Model->doInsert([...])
 6 SYSTEMPATH\Model.php(744): CodeIgniter\BaseModel->insert([...], true)
 7 APPPATH\Models\ModelKategori.php(16): CodeIgniter\Model->insert([...])
 8 APPPATH\Controllers\Admin.php(134): App\Models\ModelKategori->saveKategori([...])
 9 SYSTEMPATH\CodeIgniter.php(941): App\Controllers\Admin->tambahKategori()
10 SYSTEMPATH\CodeIgniter.php(502): CodeIgniter\CodeIgniter->runController(Object(App\Controllers\Admin))
11 SYSTEMPATH\CodeIgniter.php(361): CodeIgniter\CodeIgniter->handleRequest(null, Object(Config\Cache), false)
12 FCPATH\index.php(79): CodeIgniter\CodeIgniter->run()
CRITICAL - 2024-02-19 12:23:15 --> [Caused by] mysqli_sql_exception: Column 'KategoriID' cannot be null
in SYSTEMPATH\Database\MySQLi\Connection.php on line 306.
 1 SYSTEMPATH\Database\MySQLi\Connection.php(306): mysqli->query('INSERT INTO `kategoribuku` (`KategoriID`, `NamaKategori`) VALUES (NULL, \'Action\')', 0)
 2 SYSTEMPATH\Database\BaseConnection.php(693): CodeIgniter\Database\MySQLi\Connection->execute('INSERT INTO `kategoribuku` (`KategoriID`, `NamaKategori`) VALUES (NULL, \'Action\')')
 3 SYSTEMPATH\Database\BaseConnection.php(607): CodeIgniter\Database\BaseConnection->simpleQuery('INSERT INTO `kategoribuku` (`KategoriID`, `NamaKategori`) VALUES (NULL, \'Action\')')
 4 SYSTEMPATH\Database\BaseBuilder.php(2302): CodeIgniter\Database\BaseConnection->query('INSERT INTO `kategoribuku` (`KategoriID`, `NamaKategori`) VALUES (:KategoriID:, :NamaKategori:)', [...], false)
 5 SYSTEMPATH\Model.php(326): CodeIgniter\Database\BaseBuilder->insert()
 6 SYSTEMPATH\BaseModel.php(802): CodeIgniter\Model->doInsert([...])
 7 SYSTEMPATH\Model.php(744): CodeIgniter\BaseModel->insert([...], true)
 8 APPPATH\Models\ModelKategori.php(16): CodeIgniter\Model->insert([...])
 9 APPPATH\Controllers\Admin.php(134): App\Models\ModelKategori->saveKategori([...])
10 SYSTEMPATH\CodeIgniter.php(941): App\Controllers\Admin->tambahKategori()
11 SYSTEMPATH\CodeIgniter.php(502): CodeIgniter\CodeIgniter->runController(Object(App\Controllers\Admin))
12 SYSTEMPATH\CodeIgniter.php(361): CodeIgniter\CodeIgniter->handleRequest(null, Object(Config\Cache), false)
13 FCPATH\index.php(79): CodeIgniter\CodeIgniter->run()
CRITICAL - 2024-02-19 13:02:53 --> ErrorException: Illegal string offset 'NamaKategori'
in APPPATH\Views\admin\tabelDaftarBuku.php on line 134.
 1 APPPATH\Views\admin\tabelDaftarBuku.php(134): CodeIgniter\Debug\Exceptions->errorHandler(2, 'Illegal string offset \'NamaKategori\'', 'D:\\xampp\\htdocs\\ujian-kompetensi\\perpuskuy\\app\\Views\\admin\\tabelDaftarBuku.php', 134, [...])
 2 SYSTEMPATH\View\View.php(228): include('D:\\xampp\\htdocs\\ujian-kompetensi\\perpuskuy\\app\\Views\\admin\\tabelDaftarBuku.php')
 3 SYSTEMPATH\View\View.php(231): CodeIgniter\View\View->CodeIgniter\View\{closure}()
 4 SYSTEMPATH\Common.php(1178): CodeIgniter\View\View->render('admin/tabelDaftarBuku', [], true)
 5 APPPATH\Controllers\Admin.php(37): view('admin/tabelDaftarBuku', [...])
 6 SYSTEMPATH\CodeIgniter.php(941): App\Controllers\Admin->daftarBuku()
 7 SYSTEMPATH\CodeIgniter.php(502): CodeIgniter\CodeIgniter->runController(Object(App\Controllers\Admin))
 8 SYSTEMPATH\CodeIgniter.php(361): CodeIgniter\CodeIgniter->handleRequest(null, Object(Config\Cache), false)
 9 FCPATH\index.php(79): CodeIgniter\CodeIgniter->run()
CRITICAL - 2024-02-19 13:07:27 --> ErrorException: Undefined variable: kategoriItem
in APPPATH\Views\admin\tabelDaftarBuku.php on line 134.
 1 APPPATH\Views\admin\tabelDaftarBuku.php(134): CodeIgniter\Debug\Exceptions->errorHandler(8, 'Undefined variable: kategoriItem', 'D:\\xampp\\htdocs\\ujian-kompetensi\\perpuskuy\\app\\Views\\admin\\tabelDaftarBuku.php', 134, [...])
 2 SYSTEMPATH\View\View.php(228): include('D:\\xampp\\htdocs\\ujian-kompetensi\\perpuskuy\\app\\Views\\admin\\tabelDaftarBuku.php')
 3 SYSTEMPATH\View\View.php(231): CodeIgniter\View\View->CodeIgniter\View\{closure}()
 4 SYSTEMPATH\Common.php(1178): CodeIgniter\View\View->render('admin/tabelDaftarBuku', [], true)
 5 APPPATH\Controllers\Admin.php(37): view('admin/tabelDaftarBuku', [...])
 6 SYSTEMPATH\CodeIgniter.php(941): App\Controllers\Admin->daftarBuku()
 7 SYSTEMPATH\CodeIgniter.php(502): CodeIgniter\CodeIgniter->runController(Object(App\Controllers\Admin))
 8 SYSTEMPATH\CodeIgniter.php(361): CodeIgniter\CodeIgniter->handleRequest(null, Object(Config\Cache), false)
 9 FCPATH\index.php(79): CodeIgniter\CodeIgniter->run()
CRITICAL - 2024-02-19 13:08:11 --> ErrorException: Undefined variable: kategoriItem
in APPPATH\Views\admin\tabelDaftarBuku.php on line 134.
 1 APPPATH\Views\admin\tabelDaftarBuku.php(134): CodeIgniter\Debug\Exceptions->errorHandler(8, 'Undefined variable: kategoriItem', 'D:\\xampp\\htdocs\\ujian-kompetensi\\perpuskuy\\app\\Views\\admin\\tabelDaftarBuku.php', 134, [...])
 2 SYSTEMPATH\View\View.php(228): include('D:\\xampp\\htdocs\\ujian-kompetensi\\perpuskuy\\app\\Views\\admin\\tabelDaftarBuku.php')
 3 SYSTEMPATH\View\View.php(231): CodeIgniter\View\View->CodeIgniter\View\{closure}()
 4 SYSTEMPATH\Common.php(1178): CodeIgniter\View\View->render('admin/tabelDaftarBuku', [], true)
 5 APPPATH\Controllers\Admin.php(37): view('admin/tabelDaftarBuku', [...])
 6 SYSTEMPATH\CodeIgniter.php(941): App\Controllers\Admin->daftarBuku()
 7 SYSTEMPATH\CodeIgniter.php(502): CodeIgniter\CodeIgniter->runController(Object(App\Controllers\Admin))
 8 SYSTEMPATH\CodeIgniter.php(361): CodeIgniter\CodeIgniter->handleRequest(null, Object(Config\Cache), false)
 9 FCPATH\index.php(79): CodeIgniter\CodeIgniter->run()
CRITICAL - 2024-02-19 13:08:35 --> ErrorException: Illegal string offset 'NamaKategori'
in APPPATH\Views\admin\tabelDaftarBuku.php on line 134.
 1 APPPATH\Views\admin\tabelDaftarBuku.php(134): CodeIgniter\Debug\Exceptions->errorHandler(2, 'Illegal string offset \'NamaKategori\'', 'D:\\xampp\\htdocs\\ujian-kompetensi\\perpuskuy\\app\\Views\\admin\\tabelDaftarBuku.php', 134, [...])
 2 SYSTEMPATH\View\View.php(228): include('D:\\xampp\\htdocs\\ujian-kompetensi\\perpuskuy\\app\\Views\\admin\\tabelDaftarBuku.php')
 3 SYSTEMPATH\View\View.php(231): CodeIgniter\View\View->CodeIgniter\View\{closure}()
 4 SYSTEMPATH\Common.php(1178): CodeIgniter\View\View->render('admin/tabelDaftarBuku', [], true)
 5 APPPATH\Controllers\Admin.php(37): view('admin/tabelDaftarBuku', [...])
 6 SYSTEMPATH\CodeIgniter.php(941): App\Controllers\Admin->daftarBuku()
 7 SYSTEMPATH\CodeIgniter.php(502): CodeIgniter\CodeIgniter->runController(Object(App\Controllers\Admin))
 8 SYSTEMPATH\CodeIgniter.php(361): CodeIgniter\CodeIgniter->handleRequest(null, Object(Config\Cache), false)
 9 FCPATH\index.php(79): CodeIgniter\CodeIgniter->run()
CRITICAL - 2024-02-19 13:12:07 --> ErrorException: Illegal string offset 'NamaKategori'
in APPPATH\Views\admin\tabelDaftarBuku.php on line 134.
 1 APPPATH\Views\admin\tabelDaftarBuku.php(134): CodeIgniter\Debug\Exceptions->errorHandler(2, 'Illegal string offset \'NamaKategori\'', 'D:\\xampp\\htdocs\\ujian-kompetensi\\perpuskuy\\app\\Views\\admin\\tabelDaftarBuku.php', 134, [...])
 2 SYSTEMPATH\View\View.php(228): include('D:\\xampp\\htdocs\\ujian-kompetensi\\perpuskuy\\app\\Views\\admin\\tabelDaftarBuku.php')
 3 SYSTEMPATH\View\View.php(231): CodeIgniter\View\View->CodeIgniter\View\{closure}()
 4 SYSTEMPATH\Common.php(1178): CodeIgniter\View\View->render('admin/tabelDaftarBuku', [], true)
 5 APPPATH\Controllers\Admin.php(37): view('admin/tabelDaftarBuku', [...])
 6 SYSTEMPATH\CodeIgniter.php(941): App\Controllers\Admin->daftarBuku()
 7 SYSTEMPATH\CodeIgniter.php(502): CodeIgniter\CodeIgniter->runController(Object(App\Controllers\Admin))
 8 SYSTEMPATH\CodeIgniter.php(361): CodeIgniter\CodeIgniter->handleRequest(null, Object(Config\Cache), false)
 9 FCPATH\index.php(79): CodeIgniter\CodeIgniter->run()
CRITICAL - 2024-02-19 13:14:05 --> ErrorException: Illegal string offset 'NamaKategori'
in APPPATH\Views\admin\tabelDaftarBuku.php on line 134.
 1 APPPATH\Views\admin\tabelDaftarBuku.php(134): CodeIgniter\Debug\Exceptions->errorHandler(2, 'Illegal string offset \'NamaKategori\'', 'D:\\xampp\\htdocs\\ujian-kompetensi\\perpuskuy\\app\\Views\\admin\\tabelDaftarBuku.php', 134, [...])
 2 SYSTEMPATH\View\View.php(228): include('D:\\xampp\\htdocs\\ujian-kompetensi\\perpuskuy\\app\\Views\\admin\\tabelDaftarBuku.php')
 3 SYSTEMPATH\View\View.php(231): CodeIgniter\View\View->CodeIgniter\View\{closure}()
 4 SYSTEMPATH\Common.php(1178): CodeIgniter\View\View->render('admin/tabelDaftarBuku', [], true)
 5 APPPATH\Controllers\Admin.php(37): view('admin/tabelDaftarBuku', [...])
 6 SYSTEMPATH\CodeIgniter.php(941): App\Controllers\Admin->daftarBuku()
 7 SYSTEMPATH\CodeIgniter.php(502): CodeIgniter\CodeIgniter->runController(Object(App\Controllers\Admin))
 8 SYSTEMPATH\CodeIgniter.php(361): CodeIgniter\CodeIgniter->handleRequest(null, Object(Config\Cache), false)
 9 FCPATH\index.php(79): CodeIgniter\CodeIgniter->run()
CRITICAL - 2024-02-19 13:15:37 --> ErrorException: Illegal string offset 'NamaKategori'
in APPPATH\Views\admin\tabelDaftarBuku.php on line 135.
 1 APPPATH\Views\admin\tabelDaftarBuku.php(135): CodeIgniter\Debug\Exceptions->errorHandler(2, 'Illegal string offset \'NamaKategori\'', 'D:\\xampp\\htdocs\\ujian-kompetensi\\perpuskuy\\app\\Views\\admin\\tabelDaftarBuku.php', 135, [...])
 2 SYSTEMPATH\View\View.php(228): include('D:\\xampp\\htdocs\\ujian-kompetensi\\perpuskuy\\app\\Views\\admin\\tabelDaftarBuku.php')
 3 SYSTEMPATH\View\View.php(231): CodeIgniter\View\View->CodeIgniter\View\{closure}()
 4 SYSTEMPATH\Common.php(1178): CodeIgniter\View\View->render('admin/tabelDaftarBuku', [], true)
 5 APPPATH\Controllers\Admin.php(37): view('admin/tabelDaftarBuku', [...])
 6 SYSTEMPATH\CodeIgniter.php(941): App\Controllers\Admin->daftarBuku()
 7 SYSTEMPATH\CodeIgniter.php(502): CodeIgniter\CodeIgniter->runController(Object(App\Controllers\Admin))
 8 SYSTEMPATH\CodeIgniter.php(361): CodeIgniter\CodeIgniter->handleRequest(null, Object(Config\Cache), false)
 9 FCPATH\index.php(79): CodeIgniter\CodeIgniter->run()
CRITICAL - 2024-02-19 13:16:03 --> ErrorException: Illegal string offset 'NamaKategori'
in APPPATH\Views\admin\tabelDaftarBuku.php on line 135.
 1 APPPATH\Views\admin\tabelDaftarBuku.php(135): CodeIgniter\Debug\Exceptions->errorHandler(2, 'Illegal string offset \'NamaKategori\'', 'D:\\xampp\\htdocs\\ujian-kompetensi\\perpuskuy\\app\\Views\\admin\\tabelDaftarBuku.php', 135, [...])
 2 SYSTEMPATH\View\View.php(228): include('D:\\xampp\\htdocs\\ujian-kompetensi\\perpuskuy\\app\\Views\\admin\\tabelDaftarBuku.php')
 3 SYSTEMPATH\View\View.php(231): CodeIgniter\View\View->CodeIgniter\View\{closure}()
 4 SYSTEMPATH\Common.php(1178): CodeIgniter\View\View->render('admin/tabelDaftarBuku', [], true)
 5 APPPATH\Controllers\Admin.php(37): view('admin/tabelDaftarBuku', [...])
 6 SYSTEMPATH\CodeIgniter.php(941): App\Controllers\Admin->daftarBuku()
 7 SYSTEMPATH\CodeIgniter.php(502): CodeIgniter\CodeIgniter->runController(Object(App\Controllers\Admin))
 8 SYSTEMPATH\CodeIgniter.php(361): CodeIgniter\CodeIgniter->handleRequest(null, Object(Config\Cache), false)
 9 FCPATH\index.php(79): CodeIgniter\CodeIgniter->run()
CRITICAL - 2024-02-19 14:27:16 --> ErrorException: Illegal string offset 'NamaKategori'
in APPPATH\Views\admin\tabelDaftarBuku.php on line 134.
 1 APPPATH\Views\admin\tabelDaftarBuku.php(134): CodeIgniter\Debug\Exceptions->errorHandler(2, 'Illegal string offset \'NamaKategori\'', 'D:\\xampp\\htdocs\\ujian-kompetensi\\perpuskuy\\app\\Views\\admin\\tabelDaftarBuku.php', 134, [...])
 2 SYSTEMPATH\View\View.php(228): include('D:\\xampp\\htdocs\\ujian-kompetensi\\perpuskuy\\app\\Views\\admin\\tabelDaftarBuku.php')
 3 SYSTEMPATH\View\View.php(231): CodeIgniter\View\View->CodeIgniter\View\{closure}()
 4 SYSTEMPATH\Common.php(1178): CodeIgniter\View\View->render('admin/tabelDaftarBuku', [], true)
 5 APPPATH\Controllers\Admin.php(37): view('admin/tabelDaftarBuku', [...])
 6 SYSTEMPATH\CodeIgniter.php(941): App\Controllers\Admin->daftarBuku()
 7 SYSTEMPATH\CodeIgniter.php(502): CodeIgniter\CodeIgniter->runController(Object(App\Controllers\Admin))
 8 SYSTEMPATH\CodeIgniter.php(361): CodeIgniter\CodeIgniter->handleRequest(null, Object(Config\Cache), false)
 9 FCPATH\index.php(79): CodeIgniter\CodeIgniter->run()
CRITICAL - 2024-02-19 14:30:39 --> ErrorException: Illegal string offset 'NamaKategori'
in APPPATH\Views\admin\tabelDaftarBuku.php on line 134.
 1 APPPATH\Views\admin\tabelDaftarBuku.php(134): CodeIgniter\Debug\Exceptions->errorHandler(2, 'Illegal string offset \'NamaKategori\'', 'D:\\xampp\\htdocs\\ujian-kompetensi\\perpuskuy\\app\\Views\\admin\\tabelDaftarBuku.php', 134, [...])
 2 SYSTEMPATH\View\View.php(228): include('D:\\xampp\\htdocs\\ujian-kompetensi\\perpuskuy\\app\\Views\\admin\\tabelDaftarBuku.php')
 3 SYSTEMPATH\View\View.php(231): CodeIgniter\View\View->CodeIgniter\View\{closure}()
 4 SYSTEMPATH\Common.php(1178): CodeIgniter\View\View->render('admin/tabelDaftarBuku', [], true)
 5 APPPATH\Controllers\Admin.php(37): view('admin/tabelDaftarBuku', [...])
 6 SYSTEMPATH\CodeIgniter.php(941): App\Controllers\Admin->daftarBuku()
 7 SYSTEMPATH\CodeIgniter.php(502): CodeIgniter\CodeIgniter->runController(Object(App\Controllers\Admin))
 8 SYSTEMPATH\CodeIgniter.php(361): CodeIgniter\CodeIgniter->handleRequest(null, Object(Config\Cache), false)
 9 FCPATH\index.php(79): CodeIgniter\CodeIgniter->run()
CRITICAL - 2024-02-19 14:35:33 --> ErrorException: Illegal string offset 'NamaKategori'
in APPPATH\Views\admin\tabelDaftarBuku.php on line 134.
 1 APPPATH\Views\admin\tabelDaftarBuku.php(134): CodeIgniter\Debug\Exceptions->errorHandler(2, 'Illegal string offset \'NamaKategori\'', 'D:\\xampp\\htdocs\\ujian-kompetensi\\perpuskuy\\app\\Views\\admin\\tabelDaftarBuku.php', 134, [...])
 2 SYSTEMPATH\View\View.php(228): include('D:\\xampp\\htdocs\\ujian-kompetensi\\perpuskuy\\app\\Views\\admin\\tabelDaftarBuku.php')
 3 SYSTEMPATH\View\View.php(231): CodeIgniter\View\View->CodeIgniter\View\{closure}()
 4 SYSTEMPATH\Common.php(1178): CodeIgniter\View\View->render('admin/tabelDaftarBuku', [], true)
 5 APPPATH\Controllers\Admin.php(37): view('admin/tabelDaftarBuku', [...])
 6 SYSTEMPATH\CodeIgniter.php(941): App\Controllers\Admin->daftarBuku()
 7 SYSTEMPATH\CodeIgniter.php(502): CodeIgniter\CodeIgniter->runController(Object(App\Controllers\Admin))
 8 SYSTEMPATH\CodeIgniter.php(361): CodeIgniter\CodeIgniter->handleRequest(null, Object(Config\Cache), false)
 9 FCPATH\index.php(79): CodeIgniter\CodeIgniter->run()
CRITICAL - 2024-02-19 14:37:34 --> ErrorException: Illegal string offset 'NamaKategori'
in APPPATH\Views\admin\tabelDaftarBuku.php on line 135.
 1 APPPATH\Views\admin\tabelDaftarBuku.php(135): CodeIgniter\Debug\Exceptions->errorHandler(2, 'Illegal string offset \'NamaKategori\'', 'D:\\xampp\\htdocs\\ujian-kompetensi\\perpuskuy\\app\\Views\\admin\\tabelDaftarBuku.php', 135, [...])
 2 SYSTEMPATH\View\View.php(228): include('D:\\xampp\\htdocs\\ujian-kompetensi\\perpuskuy\\app\\Views\\admin\\tabelDaftarBuku.php')
 3 SYSTEMPATH\View\View.php(231): CodeIgniter\View\View->CodeIgniter\View\{closure}()
 4 SYSTEMPATH\Common.php(1178): CodeIgniter\View\View->render('admin/tabelDaftarBuku', [], true)
 5 APPPATH\Controllers\Admin.php(37): view('admin/tabelDaftarBuku', [...])
 6 SYSTEMPATH\CodeIgniter.php(941): App\Controllers\Admin->daftarBuku()
 7 SYSTEMPATH\CodeIgniter.php(502): CodeIgniter\CodeIgniter->runController(Object(App\Controllers\Admin))
 8 SYSTEMPATH\CodeIgniter.php(361): CodeIgniter\CodeIgniter->handleRequest(null, Object(Config\Cache), false)
 9 FCPATH\index.php(79): CodeIgniter\CodeIgniter->run()
CRITICAL - 2024-02-19 14:38:55 --> ErrorException: Illegal string offset 'NamaKategori'
in APPPATH\Views\admin\tabelDaftarBuku.php on line 134.
 1 APPPATH\Views\admin\tabelDaftarBuku.php(134): CodeIgniter\Debug\Exceptions->errorHandler(2, 'Illegal string offset \'NamaKategori\'', 'D:\\xampp\\htdocs\\ujian-kompetensi\\perpuskuy\\app\\Views\\admin\\tabelDaftarBuku.php', 134, [...])
 2 SYSTEMPATH\View\View.php(228): include('D:\\xampp\\htdocs\\ujian-kompetensi\\perpuskuy\\app\\Views\\admin\\tabelDaftarBuku.php')
 3 SYSTEMPATH\View\View.php(231): CodeIgniter\View\View->CodeIgniter\View\{closure}()
 4 SYSTEMPATH\Common.php(1178): CodeIgniter\View\View->render('admin/tabelDaftarBuku', [], true)
 5 APPPATH\Controllers\Admin.php(37): view('admin/tabelDaftarBuku', [...])
 6 SYSTEMPATH\CodeIgniter.php(941): App\Controllers\Admin->daftarBuku()
 7 SYSTEMPATH\CodeIgniter.php(502): CodeIgniter\CodeIgniter->runController(Object(App\Controllers\Admin))
 8 SYSTEMPATH\CodeIgniter.php(361): CodeIgniter\CodeIgniter->handleRequest(null, Object(Config\Cache), false)
 9 FCPATH\index.php(79): CodeIgniter\CodeIgniter->run()
CRITICAL - 2024-02-19 14:39:06 --> ErrorException: Illegal string offset 'NamaKategori'
in APPPATH\Views\admin\tabelDaftarBuku.php on line 134.
 1 APPPATH\Views\admin\tabelDaftarBuku.php(134): CodeIgniter\Debug\Exceptions->errorHandler(2, 'Illegal string offset \'NamaKategori\'', 'D:\\xampp\\htdocs\\ujian-kompetensi\\perpuskuy\\app\\Views\\admin\\tabelDaftarBuku.php', 134, [...])
 2 SYSTEMPATH\View\View.php(228): include('D:\\xampp\\htdocs\\ujian-kompetensi\\perpuskuy\\app\\Views\\admin\\tabelDaftarBuku.php')
 3 SYSTEMPATH\View\View.php(231): CodeIgniter\View\View->CodeIgniter\View\{closure}()
 4 SYSTEMPATH\Common.php(1178): CodeIgniter\View\View->render('admin/tabelDaftarBuku', [], true)
 5 APPPATH\Controllers\Admin.php(37): view('admin/tabelDaftarBuku', [...])
 6 SYSTEMPATH\CodeIgniter.php(941): App\Controllers\Admin->daftarBuku()
 7 SYSTEMPATH\CodeIgniter.php(502): CodeIgniter\CodeIgniter->runController(Object(App\Controllers\Admin))
 8 SYSTEMPATH\CodeIgniter.php(361): CodeIgniter\CodeIgniter->handleRequest(null, Object(Config\Cache), false)
 9 FCPATH\index.php(79): CodeIgniter\CodeIgniter->run()
CRITICAL - 2024-02-19 14:46:34 --> ErrorException: Illegal string offset 'NamaKategori'
in APPPATH\Views\admin\tabelDaftarBuku.php on line 134.
 1 APPPATH\Views\admin\tabelDaftarBuku.php(134): CodeIgniter\Debug\Exceptions->errorHandler(2, 'Illegal string offset \'NamaKategori\'', 'D:\\xampp\\htdocs\\ujian-kompetensi\\perpuskuy\\app\\Views\\admin\\tabelDaftarBuku.php', 134, [...])
 2 SYSTEMPATH\View\View.php(228): include('D:\\xampp\\htdocs\\ujian-kompetensi\\perpuskuy\\app\\Views\\admin\\tabelDaftarBuku.php')
 3 SYSTEMPATH\View\View.php(231): CodeIgniter\View\View->CodeIgniter\View\{closure}()
 4 SYSTEMPATH\Common.php(1178): CodeIgniter\View\View->render('admin/tabelDaftarBuku', [], true)
 5 APPPATH\Controllers\Admin.php(39): view('admin/tabelDaftarBuku', [...])
 6 SYSTEMPATH\CodeIgniter.php(941): App\Controllers\Admin->daftarBuku()
 7 SYSTEMPATH\CodeIgniter.php(502): CodeIgniter\CodeIgniter->runController(Object(App\Controllers\Admin))
 8 SYSTEMPATH\CodeIgniter.php(361): CodeIgniter\CodeIgniter->handleRequest(null, Object(Config\Cache), false)
 9 FCPATH\index.php(79): CodeIgniter\CodeIgniter->run()
CRITICAL - 2024-02-19 14:48:37 --> ErrorException: Illegal string offset 'NamaKategori'
in APPPATH\Views\admin\tabelDaftarBuku.php on line 134.
 1 APPPATH\Views\admin\tabelDaftarBuku.php(134): CodeIgniter\Debug\Exceptions->errorHandler(2, 'Illegal string offset \'NamaKategori\'', 'D:\\xampp\\htdocs\\ujian-kompetensi\\perpuskuy\\app\\Views\\admin\\tabelDaftarBuku.php', 134, [...])
 2 SYSTEMPATH\View\View.php(228): include('D:\\xampp\\htdocs\\ujian-kompetensi\\perpuskuy\\app\\Views\\admin\\tabelDaftarBuku.php')
 3 SYSTEMPATH\View\View.php(231): CodeIgniter\View\View->CodeIgniter\View\{closure}()
 4 SYSTEMPATH\Common.php(1178): CodeIgniter\View\View->render('admin/tabelDaftarBuku', [], true)
 5 APPPATH\Controllers\Admin.php(37): view('admin/tabelDaftarBuku', [...])
 6 SYSTEMPATH\CodeIgniter.php(941): App\Controllers\Admin->daftarBuku()
 7 SYSTEMPATH\CodeIgniter.php(502): CodeIgniter\CodeIgniter->runController(Object(App\Controllers\Admin))
 8 SYSTEMPATH\CodeIgniter.php(361): CodeIgniter\CodeIgniter->handleRequest(null, Object(Config\Cache), false)
 9 FCPATH\index.php(79): CodeIgniter\CodeIgniter->run()
CRITICAL - 2024-02-19 14:52:25 --> ErrorException: Illegal string offset 'NamaKategori'
in APPPATH\Views\admin\tabelDaftarBuku.php on line 80.
 1 APPPATH\Views\admin\tabelDaftarBuku.php(80): CodeIgniter\Debug\Exceptions->errorHandler(2, 'Illegal string offset \'NamaKategori\'', 'D:\\xampp\\htdocs\\ujian-kompetensi\\perpuskuy\\app\\Views\\admin\\tabelDaftarBuku.php', 80, [...])
 2 SYSTEMPATH\View\View.php(228): include('D:\\xampp\\htdocs\\ujian-kompetensi\\perpuskuy\\app\\Views\\admin\\tabelDaftarBuku.php')
 3 SYSTEMPATH\View\View.php(231): CodeIgniter\View\View->CodeIgniter\View\{closure}()
 4 SYSTEMPATH\Common.php(1178): CodeIgniter\View\View->render('admin/tabelDaftarBuku', [], true)
 5 APPPATH\Controllers\Admin.php(37): view('admin/tabelDaftarBuku', [...])
 6 SYSTEMPATH\CodeIgniter.php(941): App\Controllers\Admin->daftarBuku()
 7 SYSTEMPATH\CodeIgniter.php(502): CodeIgniter\CodeIgniter->runController(Object(App\Controllers\Admin))
 8 SYSTEMPATH\CodeIgniter.php(361): CodeIgniter\CodeIgniter->handleRequest(null, Object(Config\Cache), false)
 9 FCPATH\index.php(79): CodeIgniter\CodeIgniter->run()
CRITICAL - 2024-02-19 14:53:15 --> ErrorException: Illegal string offset 'NamaKategori'
in APPPATH\Views\admin\tabelDaftarBuku.php on line 80.
 1 APPPATH\Views\admin\tabelDaftarBuku.php(80): CodeIgniter\Debug\Exceptions->errorHandler(2, 'Illegal string offset \'NamaKategori\'', 'D:\\xampp\\htdocs\\ujian-kompetensi\\perpuskuy\\app\\Views\\admin\\tabelDaftarBuku.php', 80, [...])
 2 SYSTEMPATH\View\View.php(228): include('D:\\xampp\\htdocs\\ujian-kompetensi\\perpuskuy\\app\\Views\\admin\\tabelDaftarBuku.php')
 3 SYSTEMPATH\View\View.php(231): CodeIgniter\View\View->CodeIgniter\View\{closure}()
 4 SYSTEMPATH\Common.php(1178): CodeIgniter\View\View->render('admin/tabelDaftarBuku', [], true)
 5 APPPATH\Controllers\Admin.php(38): view('admin/tabelDaftarBuku', [...])
 6 SYSTEMPATH\CodeIgniter.php(941): App\Controllers\Admin->daftarBuku()
 7 SYSTEMPATH\CodeIgniter.php(502): CodeIgniter\CodeIgniter->runController(Object(App\Controllers\Admin))
 8 SYSTEMPATH\CodeIgniter.php(361): CodeIgniter\CodeIgniter->handleRequest(null, Object(Config\Cache), false)
 9 FCPATH\index.php(79): CodeIgniter\CodeIgniter->run()
CRITICAL - 2024-02-19 14:54:39 --> ErrorException: Illegal string offset 'NamaKategori'
in APPPATH\Views\admin\tabelDaftarBuku.php on line 134.
 1 APPPATH\Views\admin\tabelDaftarBuku.php(134): CodeIgniter\Debug\Exceptions->errorHandler(2, 'Illegal string offset \'NamaKategori\'', 'D:\\xampp\\htdocs\\ujian-kompetensi\\perpuskuy\\app\\Views\\admin\\tabelDaftarBuku.php', 134, [...])
 2 SYSTEMPATH\View\View.php(228): include('D:\\xampp\\htdocs\\ujian-kompetensi\\perpuskuy\\app\\Views\\admin\\tabelDaftarBuku.php')
 3 SYSTEMPATH\View\View.php(231): CodeIgniter\View\View->CodeIgniter\View\{closure}()
 4 SYSTEMPATH\Common.php(1178): CodeIgniter\View\View->render('admin/tabelDaftarBuku', [], true)
 5 APPPATH\Controllers\Admin.php(37): view('admin/tabelDaftarBuku', [...])
 6 SYSTEMPATH\CodeIgniter.php(941): App\Controllers\Admin->daftarBuku()
 7 SYSTEMPATH\CodeIgniter.php(502): CodeIgniter\CodeIgniter->runController(Object(App\Controllers\Admin))
 8 SYSTEMPATH\CodeIgniter.php(361): CodeIgniter\CodeIgniter->handleRequest(null, Object(Config\Cache), false)
 9 FCPATH\index.php(79): CodeIgniter\CodeIgniter->run()
CRITICAL - 2024-02-19 14:56:44 --> ParseError: syntax error, unexpected end of file
in APPPATH\Views\admin\tabelDaftarBuku.php on line 301.
 1 SYSTEMPATH\View\View.php(231): CodeIgniter\View\View->CodeIgniter\View\{closure}()
 2 SYSTEMPATH\Common.php(1178): CodeIgniter\View\View->render('admin/tabelDaftarBuku', [], true)
 3 APPPATH\Controllers\Admin.php(37): view('admin/tabelDaftarBuku', [...])
 4 SYSTEMPATH\CodeIgniter.php(941): App\Controllers\Admin->daftarBuku()
 5 SYSTEMPATH\CodeIgniter.php(502): CodeIgniter\CodeIgniter->runController(Object(App\Controllers\Admin))
 6 SYSTEMPATH\CodeIgniter.php(361): CodeIgniter\CodeIgniter->handleRequest(null, Object(Config\Cache), false)
 7 FCPATH\index.php(79): CodeIgniter\CodeIgniter->run()
CRITICAL - 2024-02-19 14:57:34 --> ErrorException: Illegal string offset 'NamaKategori'
in APPPATH\Views\admin\tabelDaftarBuku.php on line 134.
 1 APPPATH\Views\admin\tabelDaftarBuku.php(134): CodeIgniter\Debug\Exceptions->errorHandler(2, 'Illegal string offset \'NamaKategori\'', 'D:\\xampp\\htdocs\\ujian-kompetensi\\perpuskuy\\app\\Views\\admin\\tabelDaftarBuku.php', 134, [...])
 2 SYSTEMPATH\View\View.php(228): include('D:\\xampp\\htdocs\\ujian-kompetensi\\perpuskuy\\app\\Views\\admin\\tabelDaftarBuku.php')
 3 SYSTEMPATH\View\View.php(231): CodeIgniter\View\View->CodeIgniter\View\{closure}()
 4 SYSTEMPATH\Common.php(1178): CodeIgniter\View\View->render('admin/tabelDaftarBuku', [], true)
 5 APPPATH\Controllers\Admin.php(37): view('admin/tabelDaftarBuku', [...])
 6 SYSTEMPATH\CodeIgniter.php(941): App\Controllers\Admin->daftarBuku()
 7 SYSTEMPATH\CodeIgniter.php(502): CodeIgniter\CodeIgniter->runController(Object(App\Controllers\Admin))
 8 SYSTEMPATH\CodeIgniter.php(361): CodeIgniter\CodeIgniter->handleRequest(null, Object(Config\Cache), false)
 9 FCPATH\index.php(79): CodeIgniter\CodeIgniter->run()
CRITICAL - 2024-02-19 14:59:10 --> ErrorException: Illegal string offset 'NamaKategori'
in APPPATH\Views\admin\tabelDaftarBuku.php on line 134.
 1 APPPATH\Views\admin\tabelDaftarBuku.php(134): CodeIgniter\Debug\Exceptions->errorHandler(2, 'Illegal string offset \'NamaKategori\'', 'D:\\xampp\\htdocs\\ujian-kompetensi\\perpuskuy\\app\\Views\\admin\\tabelDaftarBuku.php', 134, [...])
 2 SYSTEMPATH\View\View.php(228): include('D:\\xampp\\htdocs\\ujian-kompetensi\\perpuskuy\\app\\Views\\admin\\tabelDaftarBuku.php')
 3 SYSTEMPATH\View\View.php(231): CodeIgniter\View\View->CodeIgniter\View\{closure}()
 4 SYSTEMPATH\Common.php(1178): CodeIgniter\View\View->render('admin/tabelDaftarBuku', [], true)
 5 APPPATH\Controllers\Admin.php(37): view('admin/tabelDaftarBuku', [...])
 6 SYSTEMPATH\CodeIgniter.php(941): App\Controllers\Admin->daftarBuku()
 7 SYSTEMPATH\CodeIgniter.php(502): CodeIgniter\CodeIgniter->runController(Object(App\Controllers\Admin))
 8 SYSTEMPATH\CodeIgniter.php(361): CodeIgniter\CodeIgniter->handleRequest(null, Object(Config\Cache), false)
 9 FCPATH\index.php(79): CodeIgniter\CodeIgniter->run()
CRITICAL - 2024-02-19 15:02:48 --> ErrorException: Illegal string offset 'NamaKategori'
in APPPATH\Views\admin\tabelDaftarBuku.php on line 134.
 1 APPPATH\Views\admin\tabelDaftarBuku.php(134): CodeIgniter\Debug\Exceptions->errorHandler(2, 'Illegal string offset \'NamaKategori\'', 'D:\\xampp\\htdocs\\ujian-kompetensi\\perpuskuy\\app\\Views\\admin\\tabelDaftarBuku.php', 134, [...])
 2 SYSTEMPATH\View\View.php(228): include('D:\\xampp\\htdocs\\ujian-kompetensi\\perpuskuy\\app\\Views\\admin\\tabelDaftarBuku.php')
 3 SYSTEMPATH\View\View.php(231): CodeIgniter\View\View->CodeIgniter\View\{closure}()
 4 SYSTEMPATH\Common.php(1178): CodeIgniter\View\View->render('admin/tabelDaftarBuku', [], true)
 5 APPPATH\Controllers\Admin.php(37): view('admin/tabelDaftarBuku', [...])
 6 SYSTEMPATH\CodeIgniter.php(941): App\Controllers\Admin->daftarBuku()
 7 SYSTEMPATH\CodeIgniter.php(502): CodeIgniter\CodeIgniter->runController(Object(App\Controllers\Admin))
 8 SYSTEMPATH\CodeIgniter.php(361): CodeIgniter\CodeIgniter->handleRequest(null, Object(Config\Cache), false)
 9 FCPATH\index.php(79): CodeIgniter\CodeIgniter->run()
CRITICAL - 2024-02-19 15:04:27 --> ErrorException: Illegal string offset 'NamaKategori'
in APPPATH\Views\admin\tabelDaftarBuku.php on line 135.
 1 APPPATH\Views\admin\tabelDaftarBuku.php(135): CodeIgniter\Debug\Exceptions->errorHandler(2, 'Illegal string offset \'NamaKategori\'', 'D:\\xampp\\htdocs\\ujian-kompetensi\\perpuskuy\\app\\Views\\admin\\tabelDaftarBuku.php', 135, [...])
 2 SYSTEMPATH\View\View.php(228): include('D:\\xampp\\htdocs\\ujian-kompetensi\\perpuskuy\\app\\Views\\admin\\tabelDaftarBuku.php')
 3 SYSTEMPATH\View\View.php(231): CodeIgniter\View\View->CodeIgniter\View\{closure}()
 4 SYSTEMPATH\Common.php(1178): CodeIgniter\View\View->render('admin/tabelDaftarBuku', [], true)
 5 APPPATH\Controllers\Admin.php(37): view('admin/tabelDaftarBuku', [...])
 6 SYSTEMPATH\CodeIgniter.php(941): App\Controllers\Admin->daftarBuku()
 7 SYSTEMPATH\CodeIgniter.php(502): CodeIgniter\CodeIgniter->runController(Object(App\Controllers\Admin))
 8 SYSTEMPATH\CodeIgniter.php(361): CodeIgniter\CodeIgniter->handleRequest(null, Object(Config\Cache), false)
 9 FCPATH\index.php(79): CodeIgniter\CodeIgniter->run()
CRITICAL - 2024-02-19 15:07:40 --> ErrorException: Illegal string offset 'NamaKategori'
in APPPATH\Views\admin\tabelDaftarBuku.php on line 134.
 1 APPPATH\Views\admin\tabelDaftarBuku.php(134): CodeIgniter\Debug\Exceptions->errorHandler(2, 'Illegal string offset \'NamaKategori\'', 'D:\\xampp\\htdocs\\ujian-kompetensi\\perpuskuy\\app\\Views\\admin\\tabelDaftarBuku.php', 134, [...])
 2 SYSTEMPATH\View\View.php(228): include('D:\\xampp\\htdocs\\ujian-kompetensi\\perpuskuy\\app\\Views\\admin\\tabelDaftarBuku.php')
 3 SYSTEMPATH\View\View.php(231): CodeIgniter\View\View->CodeIgniter\View\{closure}()
 4 SYSTEMPATH\Common.php(1178): CodeIgniter\View\View->render('admin/tabelDaftarBuku', [], true)
 5 APPPATH\Controllers\Admin.php(37): view('admin/tabelDaftarBuku', [...])
 6 SYSTEMPATH\CodeIgniter.php(941): App\Controllers\Admin->daftarBuku()
 7 SYSTEMPATH\CodeIgniter.php(502): CodeIgniter\CodeIgniter->runController(Object(App\Controllers\Admin))
 8 SYSTEMPATH\CodeIgniter.php(361): CodeIgniter\CodeIgniter->handleRequest(null, Object(Config\Cache), false)
 9 FCPATH\index.php(79): CodeIgniter\CodeIgniter->run()
CRITICAL - 2024-02-19 15:08:54 --> ErrorException: Illegal string offset 'NamaKategori'
in APPPATH\Views\admin\tabelDaftarBuku.php on line 134.
 1 APPPATH\Views\admin\tabelDaftarBuku.php(134): CodeIgniter\Debug\Exceptions->errorHandler(2, 'Illegal string offset \'NamaKategori\'', 'D:\\xampp\\htdocs\\ujian-kompetensi\\perpuskuy\\app\\Views\\admin\\tabelDaftarBuku.php', 134, [...])
 2 SYSTEMPATH\View\View.php(228): include('D:\\xampp\\htdocs\\ujian-kompetensi\\perpuskuy\\app\\Views\\admin\\tabelDaftarBuku.php')
 3 SYSTEMPATH\View\View.php(231): CodeIgniter\View\View->CodeIgniter\View\{closure}()
 4 SYSTEMPATH\Common.php(1178): CodeIgniter\View\View->render('admin/tabelDaftarBuku', [], true)
 5 APPPATH\Controllers\Admin.php(38): view('admin/tabelDaftarBuku', [...])
 6 SYSTEMPATH\CodeIgniter.php(941): App\Controllers\Admin->daftarBuku()
 7 SYSTEMPATH\CodeIgniter.php(502): CodeIgniter\CodeIgniter->runController(Object(App\Controllers\Admin))
 8 SYSTEMPATH\CodeIgniter.php(361): CodeIgniter\CodeIgniter->handleRequest(null, Object(Config\Cache), false)
 9 FCPATH\index.php(79): CodeIgniter\CodeIgniter->run()
